[2024-03-20T14:29:21.382+0000] {processor.py:161} INFO - Started process (PID=91) to work on /home/airflow/.local/lib/python3.9/site-packages/airflow/example_dags/plugins/listener_plugin.py
[2024-03-20T14:29:21.384+0000] {processor.py:830} INFO - Processing file /home/airflow/.local/lib/python3.9/site-packages/airflow/example_dags/plugins/listener_plugin.py for tasks to queue
[2024-03-20T14:29:21.389+0000] {logging_mixin.py:188} INFO - [2024-03-20T14:29:21.387+0000] {dagbag.py:540} INFO - Filling up the DagBag from /home/airflow/.local/lib/python3.9/site-packages/airflow/example_dags/plugins/listener_plugin.py
[2024-03-20T14:29:21.398+0000] {processor.py:842} WARNING - No viable dags retrieved from /home/airflow/.local/lib/python3.9/site-packages/airflow/example_dags/plugins/listener_plugin.py
[2024-03-20T14:29:21.452+0000] {processor.py:183} INFO - Processing /home/airflow/.local/lib/python3.9/site-packages/airflow/example_dags/plugins/listener_plugin.py took 0.077 seconds
[2024-03-20T14:29:54.942+0000] {processor.py:161} INFO - Started process (PID=150) to work on /home/airflow/.local/lib/python3.9/site-packages/airflow/example_dags/plugins/listener_plugin.py
[2024-03-20T14:29:54.944+0000] {processor.py:830} INFO - Processing file /home/airflow/.local/lib/python3.9/site-packages/airflow/example_dags/plugins/listener_plugin.py for tasks to queue
[2024-03-20T14:29:54.950+0000] {logging_mixin.py:188} INFO - [2024-03-20T14:29:54.950+0000] {dagbag.py:540} INFO - Filling up the DagBag from /home/airflow/.local/lib/python3.9/site-packages/airflow/example_dags/plugins/listener_plugin.py
[2024-03-20T14:29:54.957+0000] {processor.py:842} WARNING - No viable dags retrieved from /home/airflow/.local/lib/python3.9/site-packages/airflow/example_dags/plugins/listener_plugin.py
[2024-03-20T14:29:54.996+0000] {processor.py:183} INFO - Processing /home/airflow/.local/lib/python3.9/site-packages/airflow/example_dags/plugins/listener_plugin.py took 0.066 seconds
[2024-03-20T14:30:26.066+0000] {processor.py:161} INFO - Started process (PID=208) to work on /home/airflow/.local/lib/python3.9/site-packages/airflow/example_dags/plugins/listener_plugin.py
[2024-03-20T14:30:26.069+0000] {processor.py:830} INFO - Processing file /home/airflow/.local/lib/python3.9/site-packages/airflow/example_dags/plugins/listener_plugin.py for tasks to queue
[2024-03-20T14:30:26.074+0000] {logging_mixin.py:188} INFO - [2024-03-20T14:30:26.073+0000] {dagbag.py:540} INFO - Filling up the DagBag from /home/airflow/.local/lib/python3.9/site-packages/airflow/example_dags/plugins/listener_plugin.py
[2024-03-20T14:30:26.080+0000] {processor.py:842} WARNING - No viable dags retrieved from /home/airflow/.local/lib/python3.9/site-packages/airflow/example_dags/plugins/listener_plugin.py
[2024-03-20T14:30:26.110+0000] {processor.py:183} INFO - Processing /home/airflow/.local/lib/python3.9/site-packages/airflow/example_dags/plugins/listener_plugin.py took 0.052 seconds
[2024-03-20T14:30:57.278+0000] {processor.py:161} INFO - Started process (PID=265) to work on /home/airflow/.local/lib/python3.9/site-packages/airflow/example_dags/plugins/listener_plugin.py
[2024-03-20T14:30:57.279+0000] {processor.py:830} INFO - Processing file /home/airflow/.local/lib/python3.9/site-packages/airflow/example_dags/plugins/listener_plugin.py for tasks to queue
[2024-03-20T14:30:57.283+0000] {logging_mixin.py:188} INFO - [2024-03-20T14:30:57.283+0000] {dagbag.py:540} INFO - Filling up the DagBag from /home/airflow/.local/lib/python3.9/site-packages/airflow/example_dags/plugins/listener_plugin.py
[2024-03-20T14:30:57.288+0000] {processor.py:842} WARNING - No viable dags retrieved from /home/airflow/.local/lib/python3.9/site-packages/airflow/example_dags/plugins/listener_plugin.py
[2024-03-20T14:30:57.312+0000] {processor.py:183} INFO - Processing /home/airflow/.local/lib/python3.9/site-packages/airflow/example_dags/plugins/listener_plugin.py took 0.039 seconds
[2024-03-20T14:31:28.104+0000] {processor.py:161} INFO - Started process (PID=319) to work on /home/airflow/.local/lib/python3.9/site-packages/airflow/example_dags/plugins/listener_plugin.py
[2024-03-20T14:31:28.106+0000] {processor.py:830} INFO - Processing file /home/airflow/.local/lib/python3.9/site-packages/airflow/example_dags/plugins/listener_plugin.py for tasks to queue
[2024-03-20T14:31:28.112+0000] {logging_mixin.py:188} INFO - [2024-03-20T14:31:28.111+0000] {dagbag.py:540} INFO - Filling up the DagBag from /home/airflow/.local/lib/python3.9/site-packages/airflow/example_dags/plugins/listener_plugin.py
[2024-03-20T14:31:28.124+0000] {processor.py:842} WARNING - No viable dags retrieved from /home/airflow/.local/lib/python3.9/site-packages/airflow/example_dags/plugins/listener_plugin.py
[2024-03-20T14:31:28.165+0000] {processor.py:183} INFO - Processing /home/airflow/.local/lib/python3.9/site-packages/airflow/example_dags/plugins/listener_plugin.py took 0.078 seconds
[2024-03-20T14:31:58.384+0000] {processor.py:161} INFO - Started process (PID=375) to work on /home/airflow/.local/lib/python3.9/site-packages/airflow/example_dags/plugins/listener_plugin.py
[2024-03-20T14:31:58.386+0000] {processor.py:830} INFO - Processing file /home/airflow/.local/lib/python3.9/site-packages/airflow/example_dags/plugins/listener_plugin.py for tasks to queue
[2024-03-20T14:31:58.390+0000] {logging_mixin.py:188} INFO - [2024-03-20T14:31:58.389+0000] {dagbag.py:540} INFO - Filling up the DagBag from /home/airflow/.local/lib/python3.9/site-packages/airflow/example_dags/plugins/listener_plugin.py
[2024-03-20T14:31:58.394+0000] {processor.py:842} WARNING - No viable dags retrieved from /home/airflow/.local/lib/python3.9/site-packages/airflow/example_dags/plugins/listener_plugin.py
[2024-03-20T14:31:58.416+0000] {processor.py:183} INFO - Processing /home/airflow/.local/lib/python3.9/site-packages/airflow/example_dags/plugins/listener_plugin.py took 0.039 seconds
[2024-03-20T14:32:29.720+0000] {processor.py:161} INFO - Started process (PID=431) to work on /home/airflow/.local/lib/python3.9/site-packages/airflow/example_dags/plugins/listener_plugin.py
[2024-03-20T14:32:29.724+0000] {processor.py:830} INFO - Processing file /home/airflow/.local/lib/python3.9/site-packages/airflow/example_dags/plugins/listener_plugin.py for tasks to queue
[2024-03-20T14:32:29.728+0000] {logging_mixin.py:188} INFO - [2024-03-20T14:32:29.727+0000] {dagbag.py:540} INFO - Filling up the DagBag from /home/airflow/.local/lib/python3.9/site-packages/airflow/example_dags/plugins/listener_plugin.py
[2024-03-20T14:32:29.734+0000] {processor.py:842} WARNING - No viable dags retrieved from /home/airflow/.local/lib/python3.9/site-packages/airflow/example_dags/plugins/listener_plugin.py
[2024-03-20T14:32:29.756+0000] {processor.py:183} INFO - Processing /home/airflow/.local/lib/python3.9/site-packages/airflow/example_dags/plugins/listener_plugin.py took 0.043 seconds
[2024-03-20T14:33:00.293+0000] {processor.py:161} INFO - Started process (PID=487) to work on /home/airflow/.local/lib/python3.9/site-packages/airflow/example_dags/plugins/listener_plugin.py
[2024-03-20T14:33:00.295+0000] {processor.py:830} INFO - Processing file /home/airflow/.local/lib/python3.9/site-packages/airflow/example_dags/plugins/listener_plugin.py for tasks to queue
[2024-03-20T14:33:00.298+0000] {logging_mixin.py:188} INFO - [2024-03-20T14:33:00.298+0000] {dagbag.py:540} INFO - Filling up the DagBag from /home/airflow/.local/lib/python3.9/site-packages/airflow/example_dags/plugins/listener_plugin.py
[2024-03-20T14:33:00.303+0000] {processor.py:842} WARNING - No viable dags retrieved from /home/airflow/.local/lib/python3.9/site-packages/airflow/example_dags/plugins/listener_plugin.py
[2024-03-20T14:33:00.325+0000] {processor.py:183} INFO - Processing /home/airflow/.local/lib/python3.9/site-packages/airflow/example_dags/plugins/listener_plugin.py took 0.038 seconds
[2024-03-20T14:33:30.935+0000] {processor.py:161} INFO - Started process (PID=543) to work on /home/airflow/.local/lib/python3.9/site-packages/airflow/example_dags/plugins/listener_plugin.py
[2024-03-20T14:33:30.938+0000] {processor.py:830} INFO - Processing file /home/airflow/.local/lib/python3.9/site-packages/airflow/example_dags/plugins/listener_plugin.py for tasks to queue
[2024-03-20T14:33:30.943+0000] {logging_mixin.py:188} INFO - [2024-03-20T14:33:30.942+0000] {dagbag.py:540} INFO - Filling up the DagBag from /home/airflow/.local/lib/python3.9/site-packages/airflow/example_dags/plugins/listener_plugin.py
[2024-03-20T14:33:30.949+0000] {processor.py:842} WARNING - No viable dags retrieved from /home/airflow/.local/lib/python3.9/site-packages/airflow/example_dags/plugins/listener_plugin.py
[2024-03-20T14:33:30.976+0000] {processor.py:183} INFO - Processing /home/airflow/.local/lib/python3.9/site-packages/airflow/example_dags/plugins/listener_plugin.py took 0.048 seconds
[2024-03-20T14:34:03.399+0000] {processor.py:161} INFO - Started process (PID=600) to work on /home/airflow/.local/lib/python3.9/site-packages/airflow/example_dags/plugins/listener_plugin.py
[2024-03-20T14:34:03.402+0000] {processor.py:830} INFO - Processing file /home/airflow/.local/lib/python3.9/site-packages/airflow/example_dags/plugins/listener_plugin.py for tasks to queue
[2024-03-20T14:34:03.408+0000] {logging_mixin.py:188} INFO - [2024-03-20T14:34:03.407+0000] {dagbag.py:540} INFO - Filling up the DagBag from /home/airflow/.local/lib/python3.9/site-packages/airflow/example_dags/plugins/listener_plugin.py
[2024-03-20T14:34:03.415+0000] {processor.py:842} WARNING - No viable dags retrieved from /home/airflow/.local/lib/python3.9/site-packages/airflow/example_dags/plugins/listener_plugin.py
[2024-03-20T14:34:03.454+0000] {processor.py:183} INFO - Processing /home/airflow/.local/lib/python3.9/site-packages/airflow/example_dags/plugins/listener_plugin.py took 0.066 seconds
[2024-03-20T14:34:33.574+0000] {processor.py:161} INFO - Started process (PID=656) to work on /home/airflow/.local/lib/python3.9/site-packages/airflow/example_dags/plugins/listener_plugin.py
[2024-03-20T14:34:33.576+0000] {processor.py:830} INFO - Processing file /home/airflow/.local/lib/python3.9/site-packages/airflow/example_dags/plugins/listener_plugin.py for tasks to queue
[2024-03-20T14:34:33.580+0000] {logging_mixin.py:188} INFO - [2024-03-20T14:34:33.579+0000] {dagbag.py:540} INFO - Filling up the DagBag from /home/airflow/.local/lib/python3.9/site-packages/airflow/example_dags/plugins/listener_plugin.py
[2024-03-20T14:34:33.585+0000] {processor.py:842} WARNING - No viable dags retrieved from /home/airflow/.local/lib/python3.9/site-packages/airflow/example_dags/plugins/listener_plugin.py
[2024-03-20T14:34:33.609+0000] {processor.py:183} INFO - Processing /home/airflow/.local/lib/python3.9/site-packages/airflow/example_dags/plugins/listener_plugin.py took 0.041 seconds
[2024-03-20T14:35:04.144+0000] {processor.py:161} INFO - Started process (PID=711) to work on /home/airflow/.local/lib/python3.9/site-packages/airflow/example_dags/plugins/listener_plugin.py
[2024-03-20T14:35:04.147+0000] {processor.py:830} INFO - Processing file /home/airflow/.local/lib/python3.9/site-packages/airflow/example_dags/plugins/listener_plugin.py for tasks to queue
[2024-03-20T14:35:04.152+0000] {logging_mixin.py:188} INFO - [2024-03-20T14:35:04.152+0000] {dagbag.py:540} INFO - Filling up the DagBag from /home/airflow/.local/lib/python3.9/site-packages/airflow/example_dags/plugins/listener_plugin.py
[2024-03-20T14:35:04.159+0000] {processor.py:842} WARNING - No viable dags retrieved from /home/airflow/.local/lib/python3.9/site-packages/airflow/example_dags/plugins/listener_plugin.py
[2024-03-20T14:35:04.185+0000] {processor.py:183} INFO - Processing /home/airflow/.local/lib/python3.9/site-packages/airflow/example_dags/plugins/listener_plugin.py took 0.048 seconds
[2024-03-20T14:35:34.665+0000] {processor.py:161} INFO - Started process (PID=767) to work on /home/airflow/.local/lib/python3.9/site-packages/airflow/example_dags/plugins/listener_plugin.py
[2024-03-20T14:35:34.667+0000] {processor.py:830} INFO - Processing file /home/airflow/.local/lib/python3.9/site-packages/airflow/example_dags/plugins/listener_plugin.py for tasks to queue
[2024-03-20T14:35:34.671+0000] {logging_mixin.py:188} INFO - [2024-03-20T14:35:34.670+0000] {dagbag.py:540} INFO - Filling up the DagBag from /home/airflow/.local/lib/python3.9/site-packages/airflow/example_dags/plugins/listener_plugin.py
[2024-03-20T14:35:34.679+0000] {processor.py:842} WARNING - No viable dags retrieved from /home/airflow/.local/lib/python3.9/site-packages/airflow/example_dags/plugins/listener_plugin.py
[2024-03-20T14:35:34.703+0000] {processor.py:183} INFO - Processing /home/airflow/.local/lib/python3.9/site-packages/airflow/example_dags/plugins/listener_plugin.py took 0.046 seconds
[2024-03-20T14:36:06.920+0000] {processor.py:161} INFO - Started process (PID=827) to work on /home/airflow/.local/lib/python3.9/site-packages/airflow/example_dags/plugins/listener_plugin.py
[2024-03-20T14:36:06.921+0000] {processor.py:830} INFO - Processing file /home/airflow/.local/lib/python3.9/site-packages/airflow/example_dags/plugins/listener_plugin.py for tasks to queue
[2024-03-20T14:36:06.924+0000] {logging_mixin.py:188} INFO - [2024-03-20T14:36:06.924+0000] {dagbag.py:540} INFO - Filling up the DagBag from /home/airflow/.local/lib/python3.9/site-packages/airflow/example_dags/plugins/listener_plugin.py
[2024-03-20T14:36:06.930+0000] {processor.py:842} WARNING - No viable dags retrieved from /home/airflow/.local/lib/python3.9/site-packages/airflow/example_dags/plugins/listener_plugin.py
[2024-03-20T14:36:06.955+0000] {processor.py:183} INFO - Processing /home/airflow/.local/lib/python3.9/site-packages/airflow/example_dags/plugins/listener_plugin.py took 0.041 seconds
[2024-03-20T14:36:37.230+0000] {processor.py:161} INFO - Started process (PID=882) to work on /home/airflow/.local/lib/python3.9/site-packages/airflow/example_dags/plugins/listener_plugin.py
[2024-03-20T14:36:37.231+0000] {processor.py:830} INFO - Processing file /home/airflow/.local/lib/python3.9/site-packages/airflow/example_dags/plugins/listener_plugin.py for tasks to queue
[2024-03-20T14:36:37.235+0000] {logging_mixin.py:188} INFO - [2024-03-20T14:36:37.235+0000] {dagbag.py:540} INFO - Filling up the DagBag from /home/airflow/.local/lib/python3.9/site-packages/airflow/example_dags/plugins/listener_plugin.py
[2024-03-20T14:36:37.242+0000] {processor.py:842} WARNING - No viable dags retrieved from /home/airflow/.local/lib/python3.9/site-packages/airflow/example_dags/plugins/listener_plugin.py
[2024-03-20T14:36:37.270+0000] {processor.py:183} INFO - Processing /home/airflow/.local/lib/python3.9/site-packages/airflow/example_dags/plugins/listener_plugin.py took 0.048 seconds
[2024-03-20T14:37:08.202+0000] {processor.py:161} INFO - Started process (PID=938) to work on /home/airflow/.local/lib/python3.9/site-packages/airflow/example_dags/plugins/listener_plugin.py
[2024-03-20T14:37:08.205+0000] {processor.py:830} INFO - Processing file /home/airflow/.local/lib/python3.9/site-packages/airflow/example_dags/plugins/listener_plugin.py for tasks to queue
[2024-03-20T14:37:08.209+0000] {logging_mixin.py:188} INFO - [2024-03-20T14:37:08.208+0000] {dagbag.py:540} INFO - Filling up the DagBag from /home/airflow/.local/lib/python3.9/site-packages/airflow/example_dags/plugins/listener_plugin.py
[2024-03-20T14:37:08.220+0000] {processor.py:842} WARNING - No viable dags retrieved from /home/airflow/.local/lib/python3.9/site-packages/airflow/example_dags/plugins/listener_plugin.py
[2024-03-20T14:37:08.247+0000] {processor.py:183} INFO - Processing /home/airflow/.local/lib/python3.9/site-packages/airflow/example_dags/plugins/listener_plugin.py took 0.055 seconds
[2024-03-20T14:37:38.684+0000] {processor.py:161} INFO - Started process (PID=993) to work on /home/airflow/.local/lib/python3.9/site-packages/airflow/example_dags/plugins/listener_plugin.py
[2024-03-20T14:37:38.686+0000] {processor.py:830} INFO - Processing file /home/airflow/.local/lib/python3.9/site-packages/airflow/example_dags/plugins/listener_plugin.py for tasks to queue
[2024-03-20T14:37:38.690+0000] {logging_mixin.py:188} INFO - [2024-03-20T14:37:38.689+0000] {dagbag.py:540} INFO - Filling up the DagBag from /home/airflow/.local/lib/python3.9/site-packages/airflow/example_dags/plugins/listener_plugin.py
[2024-03-20T14:37:38.697+0000] {processor.py:842} WARNING - No viable dags retrieved from /home/airflow/.local/lib/python3.9/site-packages/airflow/example_dags/plugins/listener_plugin.py
[2024-03-20T14:37:38.721+0000] {processor.py:183} INFO - Processing /home/airflow/.local/lib/python3.9/site-packages/airflow/example_dags/plugins/listener_plugin.py took 0.042 seconds
[2024-03-20T14:38:09.493+0000] {processor.py:161} INFO - Started process (PID=1050) to work on /home/airflow/.local/lib/python3.9/site-packages/airflow/example_dags/plugins/listener_plugin.py
[2024-03-20T14:38:09.494+0000] {processor.py:830} INFO - Processing file /home/airflow/.local/lib/python3.9/site-packages/airflow/example_dags/plugins/listener_plugin.py for tasks to queue
[2024-03-20T14:38:09.498+0000] {logging_mixin.py:188} INFO - [2024-03-20T14:38:09.498+0000] {dagbag.py:540} INFO - Filling up the DagBag from /home/airflow/.local/lib/python3.9/site-packages/airflow/example_dags/plugins/listener_plugin.py
[2024-03-20T14:38:09.504+0000] {processor.py:842} WARNING - No viable dags retrieved from /home/airflow/.local/lib/python3.9/site-packages/airflow/example_dags/plugins/listener_plugin.py
[2024-03-20T14:38:09.529+0000] {processor.py:183} INFO - Processing /home/airflow/.local/lib/python3.9/site-packages/airflow/example_dags/plugins/listener_plugin.py took 0.043 seconds
[2024-03-20T14:38:39.656+0000] {processor.py:161} INFO - Started process (PID=1105) to work on /home/airflow/.local/lib/python3.9/site-packages/airflow/example_dags/plugins/listener_plugin.py
[2024-03-20T14:38:39.658+0000] {processor.py:830} INFO - Processing file /home/airflow/.local/lib/python3.9/site-packages/airflow/example_dags/plugins/listener_plugin.py for tasks to queue
[2024-03-20T14:38:39.662+0000] {logging_mixin.py:188} INFO - [2024-03-20T14:38:39.661+0000] {dagbag.py:540} INFO - Filling up the DagBag from /home/airflow/.local/lib/python3.9/site-packages/airflow/example_dags/plugins/listener_plugin.py
[2024-03-20T14:38:39.668+0000] {processor.py:842} WARNING - No viable dags retrieved from /home/airflow/.local/lib/python3.9/site-packages/airflow/example_dags/plugins/listener_plugin.py
[2024-03-20T14:38:39.696+0000] {processor.py:183} INFO - Processing /home/airflow/.local/lib/python3.9/site-packages/airflow/example_dags/plugins/listener_plugin.py took 0.046 seconds
[2024-03-20T14:39:10.107+0000] {processor.py:161} INFO - Started process (PID=1161) to work on /home/airflow/.local/lib/python3.9/site-packages/airflow/example_dags/plugins/listener_plugin.py
[2024-03-20T14:39:10.109+0000] {processor.py:830} INFO - Processing file /home/airflow/.local/lib/python3.9/site-packages/airflow/example_dags/plugins/listener_plugin.py for tasks to queue
[2024-03-20T14:39:10.113+0000] {logging_mixin.py:188} INFO - [2024-03-20T14:39:10.112+0000] {dagbag.py:540} INFO - Filling up the DagBag from /home/airflow/.local/lib/python3.9/site-packages/airflow/example_dags/plugins/listener_plugin.py
[2024-03-20T14:39:10.117+0000] {processor.py:842} WARNING - No viable dags retrieved from /home/airflow/.local/lib/python3.9/site-packages/airflow/example_dags/plugins/listener_plugin.py
[2024-03-20T14:39:10.142+0000] {processor.py:183} INFO - Processing /home/airflow/.local/lib/python3.9/site-packages/airflow/example_dags/plugins/listener_plugin.py took 0.041 seconds
[2024-03-20T14:39:41.017+0000] {processor.py:161} INFO - Started process (PID=1218) to work on /home/airflow/.local/lib/python3.9/site-packages/airflow/example_dags/plugins/listener_plugin.py
[2024-03-20T14:39:41.019+0000] {processor.py:830} INFO - Processing file /home/airflow/.local/lib/python3.9/site-packages/airflow/example_dags/plugins/listener_plugin.py for tasks to queue
[2024-03-20T14:39:41.022+0000] {logging_mixin.py:188} INFO - [2024-03-20T14:39:41.021+0000] {dagbag.py:540} INFO - Filling up the DagBag from /home/airflow/.local/lib/python3.9/site-packages/airflow/example_dags/plugins/listener_plugin.py
[2024-03-20T14:39:41.027+0000] {processor.py:842} WARNING - No viable dags retrieved from /home/airflow/.local/lib/python3.9/site-packages/airflow/example_dags/plugins/listener_plugin.py
[2024-03-20T14:39:41.052+0000] {processor.py:183} INFO - Processing /home/airflow/.local/lib/python3.9/site-packages/airflow/example_dags/plugins/listener_plugin.py took 0.039 seconds
[2024-03-20T14:40:11.319+0000] {processor.py:161} INFO - Started process (PID=1274) to work on /home/airflow/.local/lib/python3.9/site-packages/airflow/example_dags/plugins/listener_plugin.py
[2024-03-20T14:40:11.321+0000] {processor.py:830} INFO - Processing file /home/airflow/.local/lib/python3.9/site-packages/airflow/example_dags/plugins/listener_plugin.py for tasks to queue
[2024-03-20T14:40:11.326+0000] {logging_mixin.py:188} INFO - [2024-03-20T14:40:11.326+0000] {dagbag.py:540} INFO - Filling up the DagBag from /home/airflow/.local/lib/python3.9/site-packages/airflow/example_dags/plugins/listener_plugin.py
[2024-03-20T14:40:11.334+0000] {processor.py:842} WARNING - No viable dags retrieved from /home/airflow/.local/lib/python3.9/site-packages/airflow/example_dags/plugins/listener_plugin.py
[2024-03-20T14:40:11.368+0000] {processor.py:183} INFO - Processing /home/airflow/.local/lib/python3.9/site-packages/airflow/example_dags/plugins/listener_plugin.py took 0.059 seconds
[2024-03-20T14:40:41.975+0000] {processor.py:161} INFO - Started process (PID=1330) to work on /home/airflow/.local/lib/python3.9/site-packages/airflow/example_dags/plugins/listener_plugin.py
[2024-03-20T14:40:41.976+0000] {processor.py:830} INFO - Processing file /home/airflow/.local/lib/python3.9/site-packages/airflow/example_dags/plugins/listener_plugin.py for tasks to queue
[2024-03-20T14:40:41.979+0000] {logging_mixin.py:188} INFO - [2024-03-20T14:40:41.979+0000] {dagbag.py:540} INFO - Filling up the DagBag from /home/airflow/.local/lib/python3.9/site-packages/airflow/example_dags/plugins/listener_plugin.py
[2024-03-20T14:40:41.983+0000] {processor.py:842} WARNING - No viable dags retrieved from /home/airflow/.local/lib/python3.9/site-packages/airflow/example_dags/plugins/listener_plugin.py
[2024-03-20T14:40:42.001+0000] {processor.py:183} INFO - Processing /home/airflow/.local/lib/python3.9/site-packages/airflow/example_dags/plugins/listener_plugin.py took 0.031 seconds
[2024-03-20T14:41:12.392+0000] {processor.py:161} INFO - Started process (PID=1386) to work on /home/airflow/.local/lib/python3.9/site-packages/airflow/example_dags/plugins/listener_plugin.py
[2024-03-20T14:41:12.394+0000] {processor.py:830} INFO - Processing file /home/airflow/.local/lib/python3.9/site-packages/airflow/example_dags/plugins/listener_plugin.py for tasks to queue
[2024-03-20T14:41:12.397+0000] {logging_mixin.py:188} INFO - [2024-03-20T14:41:12.396+0000] {dagbag.py:540} INFO - Filling up the DagBag from /home/airflow/.local/lib/python3.9/site-packages/airflow/example_dags/plugins/listener_plugin.py
[2024-03-20T14:41:12.400+0000] {processor.py:842} WARNING - No viable dags retrieved from /home/airflow/.local/lib/python3.9/site-packages/airflow/example_dags/plugins/listener_plugin.py
[2024-03-20T14:41:12.423+0000] {processor.py:183} INFO - Processing /home/airflow/.local/lib/python3.9/site-packages/airflow/example_dags/plugins/listener_plugin.py took 0.035 seconds
[2024-03-20T14:41:43.368+0000] {processor.py:161} INFO - Started process (PID=1448) to work on /home/airflow/.local/lib/python3.9/site-packages/airflow/example_dags/plugins/listener_plugin.py
[2024-03-20T14:41:43.370+0000] {processor.py:830} INFO - Processing file /home/airflow/.local/lib/python3.9/site-packages/airflow/example_dags/plugins/listener_plugin.py for tasks to queue
[2024-03-20T14:41:43.374+0000] {logging_mixin.py:188} INFO - [2024-03-20T14:41:43.373+0000] {dagbag.py:540} INFO - Filling up the DagBag from /home/airflow/.local/lib/python3.9/site-packages/airflow/example_dags/plugins/listener_plugin.py
[2024-03-20T14:41:43.377+0000] {processor.py:842} WARNING - No viable dags retrieved from /home/airflow/.local/lib/python3.9/site-packages/airflow/example_dags/plugins/listener_plugin.py
[2024-03-20T14:41:43.398+0000] {processor.py:183} INFO - Processing /home/airflow/.local/lib/python3.9/site-packages/airflow/example_dags/plugins/listener_plugin.py took 0.034 seconds
[2024-03-20T14:42:14.592+0000] {processor.py:161} INFO - Started process (PID=1504) to work on /home/airflow/.local/lib/python3.9/site-packages/airflow/example_dags/plugins/listener_plugin.py
[2024-03-20T14:42:14.594+0000] {processor.py:830} INFO - Processing file /home/airflow/.local/lib/python3.9/site-packages/airflow/example_dags/plugins/listener_plugin.py for tasks to queue
[2024-03-20T14:42:14.598+0000] {logging_mixin.py:188} INFO - [2024-03-20T14:42:14.597+0000] {dagbag.py:540} INFO - Filling up the DagBag from /home/airflow/.local/lib/python3.9/site-packages/airflow/example_dags/plugins/listener_plugin.py
[2024-03-20T14:42:14.604+0000] {processor.py:842} WARNING - No viable dags retrieved from /home/airflow/.local/lib/python3.9/site-packages/airflow/example_dags/plugins/listener_plugin.py
[2024-03-20T14:42:14.626+0000] {processor.py:183} INFO - Processing /home/airflow/.local/lib/python3.9/site-packages/airflow/example_dags/plugins/listener_plugin.py took 0.039 seconds
[2024-03-20T14:42:45.800+0000] {processor.py:161} INFO - Started process (PID=1560) to work on /home/airflow/.local/lib/python3.9/site-packages/airflow/example_dags/plugins/listener_plugin.py
[2024-03-20T14:42:45.803+0000] {processor.py:830} INFO - Processing file /home/airflow/.local/lib/python3.9/site-packages/airflow/example_dags/plugins/listener_plugin.py for tasks to queue
[2024-03-20T14:42:45.808+0000] {logging_mixin.py:188} INFO - [2024-03-20T14:42:45.807+0000] {dagbag.py:540} INFO - Filling up the DagBag from /home/airflow/.local/lib/python3.9/site-packages/airflow/example_dags/plugins/listener_plugin.py
[2024-03-20T14:42:45.813+0000] {processor.py:842} WARNING - No viable dags retrieved from /home/airflow/.local/lib/python3.9/site-packages/airflow/example_dags/plugins/listener_plugin.py
[2024-03-20T14:42:45.838+0000] {processor.py:183} INFO - Processing /home/airflow/.local/lib/python3.9/site-packages/airflow/example_dags/plugins/listener_plugin.py took 0.044 seconds
[2024-03-20T14:43:15.920+0000] {processor.py:161} INFO - Started process (PID=1615) to work on /home/airflow/.local/lib/python3.9/site-packages/airflow/example_dags/plugins/listener_plugin.py
[2024-03-20T14:43:15.922+0000] {processor.py:830} INFO - Processing file /home/airflow/.local/lib/python3.9/site-packages/airflow/example_dags/plugins/listener_plugin.py for tasks to queue
[2024-03-20T14:43:15.927+0000] {logging_mixin.py:188} INFO - [2024-03-20T14:43:15.926+0000] {dagbag.py:540} INFO - Filling up the DagBag from /home/airflow/.local/lib/python3.9/site-packages/airflow/example_dags/plugins/listener_plugin.py
[2024-03-20T14:43:15.933+0000] {processor.py:842} WARNING - No viable dags retrieved from /home/airflow/.local/lib/python3.9/site-packages/airflow/example_dags/plugins/listener_plugin.py
[2024-03-20T14:43:15.964+0000] {processor.py:183} INFO - Processing /home/airflow/.local/lib/python3.9/site-packages/airflow/example_dags/plugins/listener_plugin.py took 0.050 seconds
[2024-03-20T14:43:46.256+0000] {processor.py:161} INFO - Started process (PID=1670) to work on /home/airflow/.local/lib/python3.9/site-packages/airflow/example_dags/plugins/listener_plugin.py
[2024-03-20T14:43:46.258+0000] {processor.py:830} INFO - Processing file /home/airflow/.local/lib/python3.9/site-packages/airflow/example_dags/plugins/listener_plugin.py for tasks to queue
[2024-03-20T14:43:46.262+0000] {logging_mixin.py:188} INFO - [2024-03-20T14:43:46.261+0000] {dagbag.py:540} INFO - Filling up the DagBag from /home/airflow/.local/lib/python3.9/site-packages/airflow/example_dags/plugins/listener_plugin.py
[2024-03-20T14:43:46.267+0000] {processor.py:842} WARNING - No viable dags retrieved from /home/airflow/.local/lib/python3.9/site-packages/airflow/example_dags/plugins/listener_plugin.py
[2024-03-20T14:43:46.287+0000] {processor.py:183} INFO - Processing /home/airflow/.local/lib/python3.9/site-packages/airflow/example_dags/plugins/listener_plugin.py took 0.036 seconds
[2024-03-20T14:44:16.440+0000] {processor.py:161} INFO - Started process (PID=1727) to work on /home/airflow/.local/lib/python3.9/site-packages/airflow/example_dags/plugins/listener_plugin.py
[2024-03-20T14:44:16.443+0000] {processor.py:830} INFO - Processing file /home/airflow/.local/lib/python3.9/site-packages/airflow/example_dags/plugins/listener_plugin.py for tasks to queue
[2024-03-20T14:44:16.447+0000] {logging_mixin.py:188} INFO - [2024-03-20T14:44:16.446+0000] {dagbag.py:540} INFO - Filling up the DagBag from /home/airflow/.local/lib/python3.9/site-packages/airflow/example_dags/plugins/listener_plugin.py
[2024-03-20T14:44:16.452+0000] {processor.py:842} WARNING - No viable dags retrieved from /home/airflow/.local/lib/python3.9/site-packages/airflow/example_dags/plugins/listener_plugin.py
[2024-03-20T14:44:16.473+0000] {processor.py:183} INFO - Processing /home/airflow/.local/lib/python3.9/site-packages/airflow/example_dags/plugins/listener_plugin.py took 0.038 seconds
[2024-03-20T14:44:47.171+0000] {processor.py:161} INFO - Started process (PID=1785) to work on /home/airflow/.local/lib/python3.9/site-packages/airflow/example_dags/plugins/listener_plugin.py
[2024-03-20T14:44:47.173+0000] {processor.py:830} INFO - Processing file /home/airflow/.local/lib/python3.9/site-packages/airflow/example_dags/plugins/listener_plugin.py for tasks to queue
[2024-03-20T14:44:47.177+0000] {logging_mixin.py:188} INFO - [2024-03-20T14:44:47.176+0000] {dagbag.py:540} INFO - Filling up the DagBag from /home/airflow/.local/lib/python3.9/site-packages/airflow/example_dags/plugins/listener_plugin.py
[2024-03-20T14:44:47.182+0000] {processor.py:842} WARNING - No viable dags retrieved from /home/airflow/.local/lib/python3.9/site-packages/airflow/example_dags/plugins/listener_plugin.py
[2024-03-20T14:44:47.206+0000] {processor.py:183} INFO - Processing /home/airflow/.local/lib/python3.9/site-packages/airflow/example_dags/plugins/listener_plugin.py took 0.042 seconds
[2024-03-20T14:45:17.319+0000] {processor.py:161} INFO - Started process (PID=1841) to work on /home/airflow/.local/lib/python3.9/site-packages/airflow/example_dags/plugins/listener_plugin.py
[2024-03-20T14:45:17.320+0000] {processor.py:830} INFO - Processing file /home/airflow/.local/lib/python3.9/site-packages/airflow/example_dags/plugins/listener_plugin.py for tasks to queue
[2024-03-20T14:45:17.323+0000] {logging_mixin.py:188} INFO - [2024-03-20T14:45:17.323+0000] {dagbag.py:540} INFO - Filling up the DagBag from /home/airflow/.local/lib/python3.9/site-packages/airflow/example_dags/plugins/listener_plugin.py
[2024-03-20T14:45:17.328+0000] {processor.py:842} WARNING - No viable dags retrieved from /home/airflow/.local/lib/python3.9/site-packages/airflow/example_dags/plugins/listener_plugin.py
[2024-03-20T14:45:17.352+0000] {processor.py:183} INFO - Processing /home/airflow/.local/lib/python3.9/site-packages/airflow/example_dags/plugins/listener_plugin.py took 0.037 seconds
[2024-03-20T14:45:47.816+0000] {processor.py:161} INFO - Started process (PID=1897) to work on /home/airflow/.local/lib/python3.9/site-packages/airflow/example_dags/plugins/listener_plugin.py
[2024-03-20T14:45:47.817+0000] {processor.py:830} INFO - Processing file /home/airflow/.local/lib/python3.9/site-packages/airflow/example_dags/plugins/listener_plugin.py for tasks to queue
[2024-03-20T14:45:47.821+0000] {logging_mixin.py:188} INFO - [2024-03-20T14:45:47.820+0000] {dagbag.py:540} INFO - Filling up the DagBag from /home/airflow/.local/lib/python3.9/site-packages/airflow/example_dags/plugins/listener_plugin.py
[2024-03-20T14:45:47.826+0000] {processor.py:842} WARNING - No viable dags retrieved from /home/airflow/.local/lib/python3.9/site-packages/airflow/example_dags/plugins/listener_plugin.py
[2024-03-20T14:45:47.849+0000] {processor.py:183} INFO - Processing /home/airflow/.local/lib/python3.9/site-packages/airflow/example_dags/plugins/listener_plugin.py took 0.040 seconds
[2024-03-20T14:46:17.983+0000] {processor.py:161} INFO - Started process (PID=1953) to work on /home/airflow/.local/lib/python3.9/site-packages/airflow/example_dags/plugins/listener_plugin.py
[2024-03-20T14:46:17.984+0000] {processor.py:830} INFO - Processing file /home/airflow/.local/lib/python3.9/site-packages/airflow/example_dags/plugins/listener_plugin.py for tasks to queue
[2024-03-20T14:46:17.988+0000] {logging_mixin.py:188} INFO - [2024-03-20T14:46:17.988+0000] {dagbag.py:540} INFO - Filling up the DagBag from /home/airflow/.local/lib/python3.9/site-packages/airflow/example_dags/plugins/listener_plugin.py
[2024-03-20T14:46:17.997+0000] {processor.py:842} WARNING - No viable dags retrieved from /home/airflow/.local/lib/python3.9/site-packages/airflow/example_dags/plugins/listener_plugin.py
[2024-03-20T14:46:18.031+0000] {processor.py:183} INFO - Processing /home/airflow/.local/lib/python3.9/site-packages/airflow/example_dags/plugins/listener_plugin.py took 0.052 seconds
[2024-03-20T14:46:48.625+0000] {processor.py:161} INFO - Started process (PID=2009) to work on /home/airflow/.local/lib/python3.9/site-packages/airflow/example_dags/plugins/listener_plugin.py
[2024-03-20T14:46:48.627+0000] {processor.py:830} INFO - Processing file /home/airflow/.local/lib/python3.9/site-packages/airflow/example_dags/plugins/listener_plugin.py for tasks to queue
[2024-03-20T14:46:48.631+0000] {logging_mixin.py:188} INFO - [2024-03-20T14:46:48.630+0000] {dagbag.py:540} INFO - Filling up the DagBag from /home/airflow/.local/lib/python3.9/site-packages/airflow/example_dags/plugins/listener_plugin.py
[2024-03-20T14:46:48.637+0000] {processor.py:842} WARNING - No viable dags retrieved from /home/airflow/.local/lib/python3.9/site-packages/airflow/example_dags/plugins/listener_plugin.py
[2024-03-20T14:46:48.672+0000] {processor.py:183} INFO - Processing /home/airflow/.local/lib/python3.9/site-packages/airflow/example_dags/plugins/listener_plugin.py took 0.051 seconds
[2024-03-20T14:47:19.462+0000] {processor.py:161} INFO - Started process (PID=2065) to work on /home/airflow/.local/lib/python3.9/site-packages/airflow/example_dags/plugins/listener_plugin.py
[2024-03-20T14:47:19.468+0000] {processor.py:830} INFO - Processing file /home/airflow/.local/lib/python3.9/site-packages/airflow/example_dags/plugins/listener_plugin.py for tasks to queue
[2024-03-20T14:47:19.473+0000] {logging_mixin.py:188} INFO - [2024-03-20T14:47:19.472+0000] {dagbag.py:540} INFO - Filling up the DagBag from /home/airflow/.local/lib/python3.9/site-packages/airflow/example_dags/plugins/listener_plugin.py
[2024-03-20T14:47:19.480+0000] {processor.py:842} WARNING - No viable dags retrieved from /home/airflow/.local/lib/python3.9/site-packages/airflow/example_dags/plugins/listener_plugin.py
[2024-03-20T14:47:19.506+0000] {processor.py:183} INFO - Processing /home/airflow/.local/lib/python3.9/site-packages/airflow/example_dags/plugins/listener_plugin.py took 0.051 seconds
[2024-03-20T14:47:49.869+0000] {processor.py:161} INFO - Started process (PID=2121) to work on /home/airflow/.local/lib/python3.9/site-packages/airflow/example_dags/plugins/listener_plugin.py
[2024-03-20T14:47:49.872+0000] {processor.py:830} INFO - Processing file /home/airflow/.local/lib/python3.9/site-packages/airflow/example_dags/plugins/listener_plugin.py for tasks to queue
[2024-03-20T14:47:49.876+0000] {logging_mixin.py:188} INFO - [2024-03-20T14:47:49.875+0000] {dagbag.py:540} INFO - Filling up the DagBag from /home/airflow/.local/lib/python3.9/site-packages/airflow/example_dags/plugins/listener_plugin.py
[2024-03-20T14:47:49.881+0000] {processor.py:842} WARNING - No viable dags retrieved from /home/airflow/.local/lib/python3.9/site-packages/airflow/example_dags/plugins/listener_plugin.py
[2024-03-20T14:47:49.903+0000] {processor.py:183} INFO - Processing /home/airflow/.local/lib/python3.9/site-packages/airflow/example_dags/plugins/listener_plugin.py took 0.041 seconds
[2024-03-20T14:48:20.065+0000] {processor.py:161} INFO - Started process (PID=2177) to work on /home/airflow/.local/lib/python3.9/site-packages/airflow/example_dags/plugins/listener_plugin.py
[2024-03-20T14:48:20.067+0000] {processor.py:830} INFO - Processing file /home/airflow/.local/lib/python3.9/site-packages/airflow/example_dags/plugins/listener_plugin.py for tasks to queue
[2024-03-20T14:48:20.070+0000] {logging_mixin.py:188} INFO - [2024-03-20T14:48:20.070+0000] {dagbag.py:540} INFO - Filling up the DagBag from /home/airflow/.local/lib/python3.9/site-packages/airflow/example_dags/plugins/listener_plugin.py
[2024-03-20T14:48:20.076+0000] {processor.py:842} WARNING - No viable dags retrieved from /home/airflow/.local/lib/python3.9/site-packages/airflow/example_dags/plugins/listener_plugin.py
[2024-03-20T14:48:20.118+0000] {processor.py:183} INFO - Processing /home/airflow/.local/lib/python3.9/site-packages/airflow/example_dags/plugins/listener_plugin.py took 0.059 seconds
[2024-03-20T14:48:50.557+0000] {processor.py:161} INFO - Started process (PID=2233) to work on /home/airflow/.local/lib/python3.9/site-packages/airflow/example_dags/plugins/listener_plugin.py
[2024-03-20T14:48:50.559+0000] {processor.py:830} INFO - Processing file /home/airflow/.local/lib/python3.9/site-packages/airflow/example_dags/plugins/listener_plugin.py for tasks to queue
[2024-03-20T14:48:50.563+0000] {logging_mixin.py:188} INFO - [2024-03-20T14:48:50.562+0000] {dagbag.py:540} INFO - Filling up the DagBag from /home/airflow/.local/lib/python3.9/site-packages/airflow/example_dags/plugins/listener_plugin.py
[2024-03-20T14:48:50.568+0000] {processor.py:842} WARNING - No viable dags retrieved from /home/airflow/.local/lib/python3.9/site-packages/airflow/example_dags/plugins/listener_plugin.py
[2024-03-20T14:48:50.590+0000] {processor.py:183} INFO - Processing /home/airflow/.local/lib/python3.9/site-packages/airflow/example_dags/plugins/listener_plugin.py took 0.040 seconds
[2024-03-20T14:49:21.124+0000] {processor.py:161} INFO - Started process (PID=2289) to work on /home/airflow/.local/lib/python3.9/site-packages/airflow/example_dags/plugins/listener_plugin.py
[2024-03-20T14:49:21.126+0000] {processor.py:830} INFO - Processing file /home/airflow/.local/lib/python3.9/site-packages/airflow/example_dags/plugins/listener_plugin.py for tasks to queue
[2024-03-20T14:49:21.130+0000] {logging_mixin.py:188} INFO - [2024-03-20T14:49:21.130+0000] {dagbag.py:540} INFO - Filling up the DagBag from /home/airflow/.local/lib/python3.9/site-packages/airflow/example_dags/plugins/listener_plugin.py
[2024-03-20T14:49:21.135+0000] {processor.py:842} WARNING - No viable dags retrieved from /home/airflow/.local/lib/python3.9/site-packages/airflow/example_dags/plugins/listener_plugin.py
[2024-03-20T14:49:21.162+0000] {processor.py:183} INFO - Processing /home/airflow/.local/lib/python3.9/site-packages/airflow/example_dags/plugins/listener_plugin.py took 0.044 seconds
[2024-03-20T14:49:51.423+0000] {processor.py:161} INFO - Started process (PID=2345) to work on /home/airflow/.local/lib/python3.9/site-packages/airflow/example_dags/plugins/listener_plugin.py
[2024-03-20T14:49:51.425+0000] {processor.py:830} INFO - Processing file /home/airflow/.local/lib/python3.9/site-packages/airflow/example_dags/plugins/listener_plugin.py for tasks to queue
[2024-03-20T14:49:51.428+0000] {logging_mixin.py:188} INFO - [2024-03-20T14:49:51.427+0000] {dagbag.py:540} INFO - Filling up the DagBag from /home/airflow/.local/lib/python3.9/site-packages/airflow/example_dags/plugins/listener_plugin.py
[2024-03-20T14:49:51.436+0000] {processor.py:842} WARNING - No viable dags retrieved from /home/airflow/.local/lib/python3.9/site-packages/airflow/example_dags/plugins/listener_plugin.py
[2024-03-20T14:49:51.456+0000] {processor.py:183} INFO - Processing /home/airflow/.local/lib/python3.9/site-packages/airflow/example_dags/plugins/listener_plugin.py took 0.037 seconds
[2024-03-20T14:50:22.480+0000] {processor.py:161} INFO - Started process (PID=2401) to work on /home/airflow/.local/lib/python3.9/site-packages/airflow/example_dags/plugins/listener_plugin.py
[2024-03-20T14:50:22.481+0000] {processor.py:830} INFO - Processing file /home/airflow/.local/lib/python3.9/site-packages/airflow/example_dags/plugins/listener_plugin.py for tasks to queue
[2024-03-20T14:50:22.484+0000] {logging_mixin.py:188} INFO - [2024-03-20T14:50:22.484+0000] {dagbag.py:540} INFO - Filling up the DagBag from /home/airflow/.local/lib/python3.9/site-packages/airflow/example_dags/plugins/listener_plugin.py
[2024-03-20T14:50:22.489+0000] {processor.py:842} WARNING - No viable dags retrieved from /home/airflow/.local/lib/python3.9/site-packages/airflow/example_dags/plugins/listener_plugin.py
[2024-03-20T14:50:22.510+0000] {processor.py:183} INFO - Processing /home/airflow/.local/lib/python3.9/site-packages/airflow/example_dags/plugins/listener_plugin.py took 0.036 seconds
[2024-03-20T14:50:53.090+0000] {processor.py:161} INFO - Started process (PID=2458) to work on /home/airflow/.local/lib/python3.9/site-packages/airflow/example_dags/plugins/listener_plugin.py
[2024-03-20T14:50:53.093+0000] {processor.py:830} INFO - Processing file /home/airflow/.local/lib/python3.9/site-packages/airflow/example_dags/plugins/listener_plugin.py for tasks to queue
[2024-03-20T14:50:53.098+0000] {logging_mixin.py:188} INFO - [2024-03-20T14:50:53.097+0000] {dagbag.py:540} INFO - Filling up the DagBag from /home/airflow/.local/lib/python3.9/site-packages/airflow/example_dags/plugins/listener_plugin.py
[2024-03-20T14:50:53.105+0000] {processor.py:842} WARNING - No viable dags retrieved from /home/airflow/.local/lib/python3.9/site-packages/airflow/example_dags/plugins/listener_plugin.py
[2024-03-20T14:50:53.144+0000] {processor.py:183} INFO - Processing /home/airflow/.local/lib/python3.9/site-packages/airflow/example_dags/plugins/listener_plugin.py took 0.062 seconds
[2024-03-20T14:51:23.406+0000] {processor.py:161} INFO - Started process (PID=2513) to work on /home/airflow/.local/lib/python3.9/site-packages/airflow/example_dags/plugins/listener_plugin.py
[2024-03-20T14:51:23.408+0000] {processor.py:830} INFO - Processing file /home/airflow/.local/lib/python3.9/site-packages/airflow/example_dags/plugins/listener_plugin.py for tasks to queue
[2024-03-20T14:51:23.411+0000] {logging_mixin.py:188} INFO - [2024-03-20T14:51:23.411+0000] {dagbag.py:540} INFO - Filling up the DagBag from /home/airflow/.local/lib/python3.9/site-packages/airflow/example_dags/plugins/listener_plugin.py
[2024-03-20T14:51:23.415+0000] {processor.py:842} WARNING - No viable dags retrieved from /home/airflow/.local/lib/python3.9/site-packages/airflow/example_dags/plugins/listener_plugin.py
[2024-03-20T14:51:23.439+0000] {processor.py:183} INFO - Processing /home/airflow/.local/lib/python3.9/site-packages/airflow/example_dags/plugins/listener_plugin.py took 0.039 seconds
[2024-03-20T14:51:53.834+0000] {processor.py:161} INFO - Started process (PID=2569) to work on /home/airflow/.local/lib/python3.9/site-packages/airflow/example_dags/plugins/listener_plugin.py
[2024-03-20T14:51:53.835+0000] {processor.py:830} INFO - Processing file /home/airflow/.local/lib/python3.9/site-packages/airflow/example_dags/plugins/listener_plugin.py for tasks to queue
[2024-03-20T14:51:53.838+0000] {logging_mixin.py:188} INFO - [2024-03-20T14:51:53.838+0000] {dagbag.py:540} INFO - Filling up the DagBag from /home/airflow/.local/lib/python3.9/site-packages/airflow/example_dags/plugins/listener_plugin.py
[2024-03-20T14:51:53.842+0000] {processor.py:842} WARNING - No viable dags retrieved from /home/airflow/.local/lib/python3.9/site-packages/airflow/example_dags/plugins/listener_plugin.py
[2024-03-20T14:51:53.865+0000] {processor.py:183} INFO - Processing /home/airflow/.local/lib/python3.9/site-packages/airflow/example_dags/plugins/listener_plugin.py took 0.037 seconds
[2024-03-20T14:52:24.702+0000] {processor.py:161} INFO - Started process (PID=2626) to work on /home/airflow/.local/lib/python3.9/site-packages/airflow/example_dags/plugins/listener_plugin.py
[2024-03-20T14:52:24.704+0000] {processor.py:830} INFO - Processing file /home/airflow/.local/lib/python3.9/site-packages/airflow/example_dags/plugins/listener_plugin.py for tasks to queue
[2024-03-20T14:52:24.716+0000] {logging_mixin.py:188} INFO - [2024-03-20T14:52:24.715+0000] {dagbag.py:540} INFO - Filling up the DagBag from /home/airflow/.local/lib/python3.9/site-packages/airflow/example_dags/plugins/listener_plugin.py
[2024-03-20T14:52:24.722+0000] {processor.py:842} WARNING - No viable dags retrieved from /home/airflow/.local/lib/python3.9/site-packages/airflow/example_dags/plugins/listener_plugin.py
[2024-03-20T14:52:24.748+0000] {processor.py:183} INFO - Processing /home/airflow/.local/lib/python3.9/site-packages/airflow/example_dags/plugins/listener_plugin.py took 0.053 seconds
[2024-03-20T14:52:55.972+0000] {processor.py:161} INFO - Started process (PID=2682) to work on /home/airflow/.local/lib/python3.9/site-packages/airflow/example_dags/plugins/listener_plugin.py
[2024-03-20T14:52:55.975+0000] {processor.py:830} INFO - Processing file /home/airflow/.local/lib/python3.9/site-packages/airflow/example_dags/plugins/listener_plugin.py for tasks to queue
[2024-03-20T14:52:55.979+0000] {logging_mixin.py:188} INFO - [2024-03-20T14:52:55.978+0000] {dagbag.py:540} INFO - Filling up the DagBag from /home/airflow/.local/lib/python3.9/site-packages/airflow/example_dags/plugins/listener_plugin.py
[2024-03-20T14:52:55.986+0000] {processor.py:842} WARNING - No viable dags retrieved from /home/airflow/.local/lib/python3.9/site-packages/airflow/example_dags/plugins/listener_plugin.py
[2024-03-20T14:52:56.023+0000] {processor.py:183} INFO - Processing /home/airflow/.local/lib/python3.9/site-packages/airflow/example_dags/plugins/listener_plugin.py took 0.060 seconds
[2024-03-20T14:53:26.681+0000] {processor.py:161} INFO - Started process (PID=2738) to work on /home/airflow/.local/lib/python3.9/site-packages/airflow/example_dags/plugins/listener_plugin.py
[2024-03-20T14:53:26.684+0000] {processor.py:830} INFO - Processing file /home/airflow/.local/lib/python3.9/site-packages/airflow/example_dags/plugins/listener_plugin.py for tasks to queue
[2024-03-20T14:53:26.689+0000] {logging_mixin.py:188} INFO - [2024-03-20T14:53:26.688+0000] {dagbag.py:540} INFO - Filling up the DagBag from /home/airflow/.local/lib/python3.9/site-packages/airflow/example_dags/plugins/listener_plugin.py
[2024-03-20T14:53:26.695+0000] {processor.py:842} WARNING - No viable dags retrieved from /home/airflow/.local/lib/python3.9/site-packages/airflow/example_dags/plugins/listener_plugin.py
[2024-03-20T14:53:26.721+0000] {processor.py:183} INFO - Processing /home/airflow/.local/lib/python3.9/site-packages/airflow/example_dags/plugins/listener_plugin.py took 0.054 seconds
[2024-03-20T14:53:57.157+0000] {processor.py:161} INFO - Started process (PID=2794) to work on /home/airflow/.local/lib/python3.9/site-packages/airflow/example_dags/plugins/listener_plugin.py
[2024-03-20T14:53:57.159+0000] {processor.py:830} INFO - Processing file /home/airflow/.local/lib/python3.9/site-packages/airflow/example_dags/plugins/listener_plugin.py for tasks to queue
[2024-03-20T14:53:57.162+0000] {logging_mixin.py:188} INFO - [2024-03-20T14:53:57.161+0000] {dagbag.py:540} INFO - Filling up the DagBag from /home/airflow/.local/lib/python3.9/site-packages/airflow/example_dags/plugins/listener_plugin.py
[2024-03-20T14:53:57.166+0000] {processor.py:842} WARNING - No viable dags retrieved from /home/airflow/.local/lib/python3.9/site-packages/airflow/example_dags/plugins/listener_plugin.py
[2024-03-20T14:53:57.185+0000] {processor.py:183} INFO - Processing /home/airflow/.local/lib/python3.9/site-packages/airflow/example_dags/plugins/listener_plugin.py took 0.033 seconds
[2024-03-20T14:54:27.732+0000] {processor.py:161} INFO - Started process (PID=2848) to work on /home/airflow/.local/lib/python3.9/site-packages/airflow/example_dags/plugins/listener_plugin.py
[2024-03-20T14:54:27.734+0000] {processor.py:830} INFO - Processing file /home/airflow/.local/lib/python3.9/site-packages/airflow/example_dags/plugins/listener_plugin.py for tasks to queue
[2024-03-20T14:54:27.737+0000] {logging_mixin.py:188} INFO - [2024-03-20T14:54:27.737+0000] {dagbag.py:540} INFO - Filling up the DagBag from /home/airflow/.local/lib/python3.9/site-packages/airflow/example_dags/plugins/listener_plugin.py
[2024-03-20T14:54:27.742+0000] {processor.py:842} WARNING - No viable dags retrieved from /home/airflow/.local/lib/python3.9/site-packages/airflow/example_dags/plugins/listener_plugin.py
[2024-03-20T14:54:27.762+0000] {processor.py:183} INFO - Processing /home/airflow/.local/lib/python3.9/site-packages/airflow/example_dags/plugins/listener_plugin.py took 0.034 seconds
[2024-03-20T14:54:58.112+0000] {processor.py:161} INFO - Started process (PID=2904) to work on /home/airflow/.local/lib/python3.9/site-packages/airflow/example_dags/plugins/listener_plugin.py
[2024-03-20T14:54:58.113+0000] {processor.py:830} INFO - Processing file /home/airflow/.local/lib/python3.9/site-packages/airflow/example_dags/plugins/listener_plugin.py for tasks to queue
[2024-03-20T14:54:58.117+0000] {logging_mixin.py:188} INFO - [2024-03-20T14:54:58.116+0000] {dagbag.py:540} INFO - Filling up the DagBag from /home/airflow/.local/lib/python3.9/site-packages/airflow/example_dags/plugins/listener_plugin.py
[2024-03-20T14:54:58.121+0000] {processor.py:842} WARNING - No viable dags retrieved from /home/airflow/.local/lib/python3.9/site-packages/airflow/example_dags/plugins/listener_plugin.py
[2024-03-20T14:54:58.142+0000] {processor.py:183} INFO - Processing /home/airflow/.local/lib/python3.9/site-packages/airflow/example_dags/plugins/listener_plugin.py took 0.035 seconds
[2024-03-20T14:55:28.826+0000] {processor.py:161} INFO - Started process (PID=2960) to work on /home/airflow/.local/lib/python3.9/site-packages/airflow/example_dags/plugins/listener_plugin.py
[2024-03-20T14:55:28.828+0000] {processor.py:830} INFO - Processing file /home/airflow/.local/lib/python3.9/site-packages/airflow/example_dags/plugins/listener_plugin.py for tasks to queue
[2024-03-20T14:55:28.832+0000] {logging_mixin.py:188} INFO - [2024-03-20T14:55:28.831+0000] {dagbag.py:540} INFO - Filling up the DagBag from /home/airflow/.local/lib/python3.9/site-packages/airflow/example_dags/plugins/listener_plugin.py
[2024-03-20T14:55:28.837+0000] {processor.py:842} WARNING - No viable dags retrieved from /home/airflow/.local/lib/python3.9/site-packages/airflow/example_dags/plugins/listener_plugin.py
[2024-03-20T14:55:28.864+0000] {processor.py:183} INFO - Processing /home/airflow/.local/lib/python3.9/site-packages/airflow/example_dags/plugins/listener_plugin.py took 0.045 seconds
[2024-03-20T14:55:59.704+0000] {processor.py:161} INFO - Started process (PID=3016) to work on /home/airflow/.local/lib/python3.9/site-packages/airflow/example_dags/plugins/listener_plugin.py
[2024-03-20T14:55:59.705+0000] {processor.py:830} INFO - Processing file /home/airflow/.local/lib/python3.9/site-packages/airflow/example_dags/plugins/listener_plugin.py for tasks to queue
[2024-03-20T14:55:59.708+0000] {logging_mixin.py:188} INFO - [2024-03-20T14:55:59.707+0000] {dagbag.py:540} INFO - Filling up the DagBag from /home/airflow/.local/lib/python3.9/site-packages/airflow/example_dags/plugins/listener_plugin.py
[2024-03-20T14:55:59.712+0000] {processor.py:842} WARNING - No viable dags retrieved from /home/airflow/.local/lib/python3.9/site-packages/airflow/example_dags/plugins/listener_plugin.py
[2024-03-20T14:55:59.734+0000] {processor.py:183} INFO - Processing /home/airflow/.local/lib/python3.9/site-packages/airflow/example_dags/plugins/listener_plugin.py took 0.036 seconds
[2024-03-20T14:59:06.355+0000] {processor.py:161} INFO - Started process (PID=79) to work on /home/airflow/.local/lib/python3.9/site-packages/airflow/example_dags/plugins/listener_plugin.py
[2024-03-20T14:59:06.357+0000] {processor.py:830} INFO - Processing file /home/airflow/.local/lib/python3.9/site-packages/airflow/example_dags/plugins/listener_plugin.py for tasks to queue
[2024-03-20T14:59:06.360+0000] {logging_mixin.py:188} INFO - [2024-03-20T14:59:06.360+0000] {dagbag.py:540} INFO - Filling up the DagBag from /home/airflow/.local/lib/python3.9/site-packages/airflow/example_dags/plugins/listener_plugin.py
[2024-03-20T14:59:06.365+0000] {processor.py:842} WARNING - No viable dags retrieved from /home/airflow/.local/lib/python3.9/site-packages/airflow/example_dags/plugins/listener_plugin.py
[2024-03-20T14:59:06.389+0000] {processor.py:183} INFO - Processing /home/airflow/.local/lib/python3.9/site-packages/airflow/example_dags/plugins/listener_plugin.py took 0.040 seconds
[2024-03-20T14:59:37.275+0000] {processor.py:161} INFO - Started process (PID=133) to work on /home/airflow/.local/lib/python3.9/site-packages/airflow/example_dags/plugins/listener_plugin.py
[2024-03-20T14:59:37.277+0000] {processor.py:830} INFO - Processing file /home/airflow/.local/lib/python3.9/site-packages/airflow/example_dags/plugins/listener_plugin.py for tasks to queue
[2024-03-20T14:59:37.280+0000] {logging_mixin.py:188} INFO - [2024-03-20T14:59:37.279+0000] {dagbag.py:540} INFO - Filling up the DagBag from /home/airflow/.local/lib/python3.9/site-packages/airflow/example_dags/plugins/listener_plugin.py
[2024-03-20T14:59:37.284+0000] {processor.py:842} WARNING - No viable dags retrieved from /home/airflow/.local/lib/python3.9/site-packages/airflow/example_dags/plugins/listener_plugin.py
[2024-03-20T14:59:37.314+0000] {processor.py:183} INFO - Processing /home/airflow/.local/lib/python3.9/site-packages/airflow/example_dags/plugins/listener_plugin.py took 0.050 seconds
[2024-03-20T15:00:08.074+0000] {processor.py:161} INFO - Started process (PID=189) to work on /home/airflow/.local/lib/python3.9/site-packages/airflow/example_dags/plugins/listener_plugin.py
[2024-03-20T15:00:08.075+0000] {processor.py:830} INFO - Processing file /home/airflow/.local/lib/python3.9/site-packages/airflow/example_dags/plugins/listener_plugin.py for tasks to queue
[2024-03-20T15:00:08.078+0000] {logging_mixin.py:188} INFO - [2024-03-20T15:00:08.077+0000] {dagbag.py:540} INFO - Filling up the DagBag from /home/airflow/.local/lib/python3.9/site-packages/airflow/example_dags/plugins/listener_plugin.py
[2024-03-20T15:00:08.082+0000] {processor.py:842} WARNING - No viable dags retrieved from /home/airflow/.local/lib/python3.9/site-packages/airflow/example_dags/plugins/listener_plugin.py
[2024-03-20T15:00:08.100+0000] {processor.py:183} INFO - Processing /home/airflow/.local/lib/python3.9/site-packages/airflow/example_dags/plugins/listener_plugin.py took 0.030 seconds
[2024-03-20T15:00:38.708+0000] {processor.py:161} INFO - Started process (PID=245) to work on /home/airflow/.local/lib/python3.9/site-packages/airflow/example_dags/plugins/listener_plugin.py
[2024-03-20T15:00:38.709+0000] {processor.py:830} INFO - Processing file /home/airflow/.local/lib/python3.9/site-packages/airflow/example_dags/plugins/listener_plugin.py for tasks to queue
[2024-03-20T15:00:38.712+0000] {logging_mixin.py:188} INFO - [2024-03-20T15:00:38.711+0000] {dagbag.py:540} INFO - Filling up the DagBag from /home/airflow/.local/lib/python3.9/site-packages/airflow/example_dags/plugins/listener_plugin.py
[2024-03-20T15:00:38.715+0000] {processor.py:842} WARNING - No viable dags retrieved from /home/airflow/.local/lib/python3.9/site-packages/airflow/example_dags/plugins/listener_plugin.py
[2024-03-20T15:00:38.732+0000] {processor.py:183} INFO - Processing /home/airflow/.local/lib/python3.9/site-packages/airflow/example_dags/plugins/listener_plugin.py took 0.029 seconds
[2024-03-20T15:01:08.997+0000] {processor.py:161} INFO - Started process (PID=301) to work on /home/airflow/.local/lib/python3.9/site-packages/airflow/example_dags/plugins/listener_plugin.py
[2024-03-20T15:01:08.999+0000] {processor.py:830} INFO - Processing file /home/airflow/.local/lib/python3.9/site-packages/airflow/example_dags/plugins/listener_plugin.py for tasks to queue
[2024-03-20T15:01:09.002+0000] {logging_mixin.py:188} INFO - [2024-03-20T15:01:09.001+0000] {dagbag.py:540} INFO - Filling up the DagBag from /home/airflow/.local/lib/python3.9/site-packages/airflow/example_dags/plugins/listener_plugin.py
[2024-03-20T15:01:09.007+0000] {processor.py:842} WARNING - No viable dags retrieved from /home/airflow/.local/lib/python3.9/site-packages/airflow/example_dags/plugins/listener_plugin.py
[2024-03-20T15:01:09.027+0000] {processor.py:183} INFO - Processing /home/airflow/.local/lib/python3.9/site-packages/airflow/example_dags/plugins/listener_plugin.py took 0.035 seconds
[2024-03-20T15:01:39.239+0000] {processor.py:161} INFO - Started process (PID=362) to work on /home/airflow/.local/lib/python3.9/site-packages/airflow/example_dags/plugins/listener_plugin.py
[2024-03-20T15:01:39.242+0000] {processor.py:830} INFO - Processing file /home/airflow/.local/lib/python3.9/site-packages/airflow/example_dags/plugins/listener_plugin.py for tasks to queue
[2024-03-20T15:01:39.244+0000] {logging_mixin.py:188} INFO - [2024-03-20T15:01:39.243+0000] {dagbag.py:540} INFO - Filling up the DagBag from /home/airflow/.local/lib/python3.9/site-packages/airflow/example_dags/plugins/listener_plugin.py
[2024-03-20T15:01:39.247+0000] {processor.py:842} WARNING - No viable dags retrieved from /home/airflow/.local/lib/python3.9/site-packages/airflow/example_dags/plugins/listener_plugin.py
[2024-03-20T15:01:39.265+0000] {processor.py:183} INFO - Processing /home/airflow/.local/lib/python3.9/site-packages/airflow/example_dags/plugins/listener_plugin.py took 0.030 seconds
[2024-03-20T15:02:09.911+0000] {processor.py:161} INFO - Started process (PID=418) to work on /home/airflow/.local/lib/python3.9/site-packages/airflow/example_dags/plugins/listener_plugin.py
[2024-03-20T15:02:09.913+0000] {processor.py:830} INFO - Processing file /home/airflow/.local/lib/python3.9/site-packages/airflow/example_dags/plugins/listener_plugin.py for tasks to queue
[2024-03-20T15:02:09.915+0000] {logging_mixin.py:188} INFO - [2024-03-20T15:02:09.915+0000] {dagbag.py:540} INFO - Filling up the DagBag from /home/airflow/.local/lib/python3.9/site-packages/airflow/example_dags/plugins/listener_plugin.py
[2024-03-20T15:02:09.919+0000] {processor.py:842} WARNING - No viable dags retrieved from /home/airflow/.local/lib/python3.9/site-packages/airflow/example_dags/plugins/listener_plugin.py
[2024-03-20T15:02:09.934+0000] {processor.py:183} INFO - Processing /home/airflow/.local/lib/python3.9/site-packages/airflow/example_dags/plugins/listener_plugin.py took 0.028 seconds
[2024-03-20T15:02:40.357+0000] {processor.py:161} INFO - Started process (PID=474) to work on /home/airflow/.local/lib/python3.9/site-packages/airflow/example_dags/plugins/listener_plugin.py
[2024-03-20T15:02:40.359+0000] {processor.py:830} INFO - Processing file /home/airflow/.local/lib/python3.9/site-packages/airflow/example_dags/plugins/listener_plugin.py for tasks to queue
[2024-03-20T15:02:40.363+0000] {logging_mixin.py:188} INFO - [2024-03-20T15:02:40.362+0000] {dagbag.py:540} INFO - Filling up the DagBag from /home/airflow/.local/lib/python3.9/site-packages/airflow/example_dags/plugins/listener_plugin.py
[2024-03-20T15:02:40.366+0000] {processor.py:842} WARNING - No viable dags retrieved from /home/airflow/.local/lib/python3.9/site-packages/airflow/example_dags/plugins/listener_plugin.py
[2024-03-20T15:02:40.383+0000] {processor.py:183} INFO - Processing /home/airflow/.local/lib/python3.9/site-packages/airflow/example_dags/plugins/listener_plugin.py took 0.030 seconds
[2024-03-20T15:03:11.490+0000] {processor.py:161} INFO - Started process (PID=530) to work on /home/airflow/.local/lib/python3.9/site-packages/airflow/example_dags/plugins/listener_plugin.py
[2024-03-20T15:03:11.492+0000] {processor.py:830} INFO - Processing file /home/airflow/.local/lib/python3.9/site-packages/airflow/example_dags/plugins/listener_plugin.py for tasks to queue
[2024-03-20T15:03:11.497+0000] {logging_mixin.py:188} INFO - [2024-03-20T15:03:11.496+0000] {dagbag.py:540} INFO - Filling up the DagBag from /home/airflow/.local/lib/python3.9/site-packages/airflow/example_dags/plugins/listener_plugin.py
[2024-03-20T15:03:11.503+0000] {processor.py:842} WARNING - No viable dags retrieved from /home/airflow/.local/lib/python3.9/site-packages/airflow/example_dags/plugins/listener_plugin.py
[2024-03-20T15:03:11.534+0000] {processor.py:183} INFO - Processing /home/airflow/.local/lib/python3.9/site-packages/airflow/example_dags/plugins/listener_plugin.py took 0.051 seconds
[2024-03-20T15:03:42.392+0000] {processor.py:161} INFO - Started process (PID=586) to work on /home/airflow/.local/lib/python3.9/site-packages/airflow/example_dags/plugins/listener_plugin.py
[2024-03-20T15:03:42.394+0000] {processor.py:830} INFO - Processing file /home/airflow/.local/lib/python3.9/site-packages/airflow/example_dags/plugins/listener_plugin.py for tasks to queue
[2024-03-20T15:03:42.396+0000] {logging_mixin.py:188} INFO - [2024-03-20T15:03:42.396+0000] {dagbag.py:540} INFO - Filling up the DagBag from /home/airflow/.local/lib/python3.9/site-packages/airflow/example_dags/plugins/listener_plugin.py
[2024-03-20T15:03:42.400+0000] {processor.py:842} WARNING - No viable dags retrieved from /home/airflow/.local/lib/python3.9/site-packages/airflow/example_dags/plugins/listener_plugin.py
[2024-03-20T15:03:42.418+0000] {processor.py:183} INFO - Processing /home/airflow/.local/lib/python3.9/site-packages/airflow/example_dags/plugins/listener_plugin.py took 0.031 seconds
[2024-03-20T15:04:12.840+0000] {processor.py:161} INFO - Started process (PID=642) to work on /home/airflow/.local/lib/python3.9/site-packages/airflow/example_dags/plugins/listener_plugin.py
[2024-03-20T15:04:12.842+0000] {processor.py:830} INFO - Processing file /home/airflow/.local/lib/python3.9/site-packages/airflow/example_dags/plugins/listener_plugin.py for tasks to queue
[2024-03-20T15:04:12.844+0000] {logging_mixin.py:188} INFO - [2024-03-20T15:04:12.844+0000] {dagbag.py:540} INFO - Filling up the DagBag from /home/airflow/.local/lib/python3.9/site-packages/airflow/example_dags/plugins/listener_plugin.py
[2024-03-20T15:04:12.849+0000] {processor.py:842} WARNING - No viable dags retrieved from /home/airflow/.local/lib/python3.9/site-packages/airflow/example_dags/plugins/listener_plugin.py
[2024-03-20T15:04:12.874+0000] {processor.py:183} INFO - Processing /home/airflow/.local/lib/python3.9/site-packages/airflow/example_dags/plugins/listener_plugin.py took 0.040 seconds
[2024-03-20T15:04:43.593+0000] {processor.py:161} INFO - Started process (PID=698) to work on /home/airflow/.local/lib/python3.9/site-packages/airflow/example_dags/plugins/listener_plugin.py
[2024-03-20T15:04:43.594+0000] {processor.py:830} INFO - Processing file /home/airflow/.local/lib/python3.9/site-packages/airflow/example_dags/plugins/listener_plugin.py for tasks to queue
[2024-03-20T15:04:43.597+0000] {logging_mixin.py:188} INFO - [2024-03-20T15:04:43.597+0000] {dagbag.py:540} INFO - Filling up the DagBag from /home/airflow/.local/lib/python3.9/site-packages/airflow/example_dags/plugins/listener_plugin.py
[2024-03-20T15:04:43.601+0000] {processor.py:842} WARNING - No viable dags retrieved from /home/airflow/.local/lib/python3.9/site-packages/airflow/example_dags/plugins/listener_plugin.py
[2024-03-20T15:04:43.643+0000] {processor.py:183} INFO - Processing /home/airflow/.local/lib/python3.9/site-packages/airflow/example_dags/plugins/listener_plugin.py took 0.056 seconds
[2024-03-20T15:05:14.186+0000] {processor.py:161} INFO - Started process (PID=754) to work on /home/airflow/.local/lib/python3.9/site-packages/airflow/example_dags/plugins/listener_plugin.py
[2024-03-20T15:05:14.187+0000] {processor.py:830} INFO - Processing file /home/airflow/.local/lib/python3.9/site-packages/airflow/example_dags/plugins/listener_plugin.py for tasks to queue
[2024-03-20T15:05:14.189+0000] {logging_mixin.py:188} INFO - [2024-03-20T15:05:14.189+0000] {dagbag.py:540} INFO - Filling up the DagBag from /home/airflow/.local/lib/python3.9/site-packages/airflow/example_dags/plugins/listener_plugin.py
[2024-03-20T15:05:14.193+0000] {processor.py:842} WARNING - No viable dags retrieved from /home/airflow/.local/lib/python3.9/site-packages/airflow/example_dags/plugins/listener_plugin.py
[2024-03-20T15:05:14.209+0000] {processor.py:183} INFO - Processing /home/airflow/.local/lib/python3.9/site-packages/airflow/example_dags/plugins/listener_plugin.py took 0.029 seconds
[2024-03-20T15:05:44.721+0000] {processor.py:161} INFO - Started process (PID=810) to work on /home/airflow/.local/lib/python3.9/site-packages/airflow/example_dags/plugins/listener_plugin.py
[2024-03-20T15:05:44.723+0000] {processor.py:830} INFO - Processing file /home/airflow/.local/lib/python3.9/site-packages/airflow/example_dags/plugins/listener_plugin.py for tasks to queue
[2024-03-20T15:05:44.725+0000] {logging_mixin.py:188} INFO - [2024-03-20T15:05:44.725+0000] {dagbag.py:540} INFO - Filling up the DagBag from /home/airflow/.local/lib/python3.9/site-packages/airflow/example_dags/plugins/listener_plugin.py
[2024-03-20T15:05:44.728+0000] {processor.py:842} WARNING - No viable dags retrieved from /home/airflow/.local/lib/python3.9/site-packages/airflow/example_dags/plugins/listener_plugin.py
[2024-03-20T15:05:44.745+0000] {processor.py:183} INFO - Processing /home/airflow/.local/lib/python3.9/site-packages/airflow/example_dags/plugins/listener_plugin.py took 0.028 seconds
[2024-03-20T15:06:15.201+0000] {processor.py:161} INFO - Started process (PID=866) to work on /home/airflow/.local/lib/python3.9/site-packages/airflow/example_dags/plugins/listener_plugin.py
[2024-03-20T15:06:15.203+0000] {processor.py:830} INFO - Processing file /home/airflow/.local/lib/python3.9/site-packages/airflow/example_dags/plugins/listener_plugin.py for tasks to queue
[2024-03-20T15:06:15.205+0000] {logging_mixin.py:188} INFO - [2024-03-20T15:06:15.204+0000] {dagbag.py:540} INFO - Filling up the DagBag from /home/airflow/.local/lib/python3.9/site-packages/airflow/example_dags/plugins/listener_plugin.py
[2024-03-20T15:06:15.208+0000] {processor.py:842} WARNING - No viable dags retrieved from /home/airflow/.local/lib/python3.9/site-packages/airflow/example_dags/plugins/listener_plugin.py
[2024-03-20T15:06:15.223+0000] {processor.py:183} INFO - Processing /home/airflow/.local/lib/python3.9/site-packages/airflow/example_dags/plugins/listener_plugin.py took 0.025 seconds
[2024-03-20T15:06:45.845+0000] {processor.py:161} INFO - Started process (PID=922) to work on /home/airflow/.local/lib/python3.9/site-packages/airflow/example_dags/plugins/listener_plugin.py
[2024-03-20T15:06:45.846+0000] {processor.py:830} INFO - Processing file /home/airflow/.local/lib/python3.9/site-packages/airflow/example_dags/plugins/listener_plugin.py for tasks to queue
[2024-03-20T15:06:45.848+0000] {logging_mixin.py:188} INFO - [2024-03-20T15:06:45.848+0000] {dagbag.py:540} INFO - Filling up the DagBag from /home/airflow/.local/lib/python3.9/site-packages/airflow/example_dags/plugins/listener_plugin.py
[2024-03-20T15:06:45.852+0000] {processor.py:842} WARNING - No viable dags retrieved from /home/airflow/.local/lib/python3.9/site-packages/airflow/example_dags/plugins/listener_plugin.py
[2024-03-20T15:06:45.868+0000] {processor.py:183} INFO - Processing /home/airflow/.local/lib/python3.9/site-packages/airflow/example_dags/plugins/listener_plugin.py took 0.027 seconds
[2024-03-20T15:07:16.128+0000] {processor.py:161} INFO - Started process (PID=978) to work on /home/airflow/.local/lib/python3.9/site-packages/airflow/example_dags/plugins/listener_plugin.py
[2024-03-20T15:07:16.130+0000] {processor.py:830} INFO - Processing file /home/airflow/.local/lib/python3.9/site-packages/airflow/example_dags/plugins/listener_plugin.py for tasks to queue
[2024-03-20T15:07:16.133+0000] {logging_mixin.py:188} INFO - [2024-03-20T15:07:16.133+0000] {dagbag.py:540} INFO - Filling up the DagBag from /home/airflow/.local/lib/python3.9/site-packages/airflow/example_dags/plugins/listener_plugin.py
[2024-03-20T15:07:16.137+0000] {processor.py:842} WARNING - No viable dags retrieved from /home/airflow/.local/lib/python3.9/site-packages/airflow/example_dags/plugins/listener_plugin.py
[2024-03-20T15:07:16.155+0000] {processor.py:183} INFO - Processing /home/airflow/.local/lib/python3.9/site-packages/airflow/example_dags/plugins/listener_plugin.py took 0.032 seconds
[2024-03-20T15:07:46.856+0000] {processor.py:161} INFO - Started process (PID=1034) to work on /home/airflow/.local/lib/python3.9/site-packages/airflow/example_dags/plugins/listener_plugin.py
[2024-03-20T15:07:46.858+0000] {processor.py:830} INFO - Processing file /home/airflow/.local/lib/python3.9/site-packages/airflow/example_dags/plugins/listener_plugin.py for tasks to queue
[2024-03-20T15:07:46.864+0000] {logging_mixin.py:188} INFO - [2024-03-20T15:07:46.863+0000] {dagbag.py:540} INFO - Filling up the DagBag from /home/airflow/.local/lib/python3.9/site-packages/airflow/example_dags/plugins/listener_plugin.py
[2024-03-20T15:07:46.868+0000] {processor.py:842} WARNING - No viable dags retrieved from /home/airflow/.local/lib/python3.9/site-packages/airflow/example_dags/plugins/listener_plugin.py
[2024-03-20T15:07:46.890+0000] {processor.py:183} INFO - Processing /home/airflow/.local/lib/python3.9/site-packages/airflow/example_dags/plugins/listener_plugin.py took 0.040 seconds
[2024-03-20T15:08:17.324+0000] {processor.py:161} INFO - Started process (PID=1090) to work on /home/airflow/.local/lib/python3.9/site-packages/airflow/example_dags/plugins/listener_plugin.py
[2024-03-20T15:08:17.325+0000] {processor.py:830} INFO - Processing file /home/airflow/.local/lib/python3.9/site-packages/airflow/example_dags/plugins/listener_plugin.py for tasks to queue
[2024-03-20T15:08:17.327+0000] {logging_mixin.py:188} INFO - [2024-03-20T15:08:17.327+0000] {dagbag.py:540} INFO - Filling up the DagBag from /home/airflow/.local/lib/python3.9/site-packages/airflow/example_dags/plugins/listener_plugin.py
[2024-03-20T15:08:17.331+0000] {processor.py:842} WARNING - No viable dags retrieved from /home/airflow/.local/lib/python3.9/site-packages/airflow/example_dags/plugins/listener_plugin.py
[2024-03-20T15:08:17.349+0000] {processor.py:183} INFO - Processing /home/airflow/.local/lib/python3.9/site-packages/airflow/example_dags/plugins/listener_plugin.py took 0.029 seconds
[2024-03-20T15:08:48.062+0000] {processor.py:161} INFO - Started process (PID=1146) to work on /home/airflow/.local/lib/python3.9/site-packages/airflow/example_dags/plugins/listener_plugin.py
[2024-03-20T15:08:48.063+0000] {processor.py:830} INFO - Processing file /home/airflow/.local/lib/python3.9/site-packages/airflow/example_dags/plugins/listener_plugin.py for tasks to queue
[2024-03-20T15:08:48.066+0000] {logging_mixin.py:188} INFO - [2024-03-20T15:08:48.066+0000] {dagbag.py:540} INFO - Filling up the DagBag from /home/airflow/.local/lib/python3.9/site-packages/airflow/example_dags/plugins/listener_plugin.py
[2024-03-20T15:08:48.070+0000] {processor.py:842} WARNING - No viable dags retrieved from /home/airflow/.local/lib/python3.9/site-packages/airflow/example_dags/plugins/listener_plugin.py
[2024-03-20T15:08:48.089+0000] {processor.py:183} INFO - Processing /home/airflow/.local/lib/python3.9/site-packages/airflow/example_dags/plugins/listener_plugin.py took 0.031 seconds
[2024-03-20T15:12:50.891+0000] {processor.py:161} INFO - Started process (PID=82) to work on /home/airflow/.local/lib/python3.8/site-packages/airflow/example_dags/plugins/listener_plugin.py
[2024-03-20T15:12:50.899+0000] {processor.py:830} INFO - Processing file /home/airflow/.local/lib/python3.8/site-packages/airflow/example_dags/plugins/listener_plugin.py for tasks to queue
[2024-03-20T15:12:50.907+0000] {logging_mixin.py:188} INFO - [2024-03-20T15:12:50.906+0000] {dagbag.py:540} INFO - Filling up the DagBag from /home/airflow/.local/lib/python3.8/site-packages/airflow/example_dags/plugins/listener_plugin.py
[2024-03-20T15:12:50.912+0000] {processor.py:842} WARNING - No viable dags retrieved from /home/airflow/.local/lib/python3.8/site-packages/airflow/example_dags/plugins/listener_plugin.py
[2024-03-20T15:12:50.942+0000] {processor.py:183} INFO - Processing /home/airflow/.local/lib/python3.8/site-packages/airflow/example_dags/plugins/listener_plugin.py took 0.058 seconds
[2024-03-20T15:13:25.100+0000] {processor.py:161} INFO - Started process (PID=138) to work on /home/airflow/.local/lib/python3.8/site-packages/airflow/example_dags/plugins/listener_plugin.py
[2024-03-20T15:13:25.113+0000] {processor.py:830} INFO - Processing file /home/airflow/.local/lib/python3.8/site-packages/airflow/example_dags/plugins/listener_plugin.py for tasks to queue
[2024-03-20T15:13:25.173+0000] {logging_mixin.py:188} INFO - [2024-03-20T15:13:25.172+0000] {dagbag.py:540} INFO - Filling up the DagBag from /home/airflow/.local/lib/python3.8/site-packages/airflow/example_dags/plugins/listener_plugin.py
[2024-03-20T15:13:25.224+0000] {processor.py:842} WARNING - No viable dags retrieved from /home/airflow/.local/lib/python3.8/site-packages/airflow/example_dags/plugins/listener_plugin.py
[2024-03-20T15:13:25.320+0000] {processor.py:183} INFO - Processing /home/airflow/.local/lib/python3.8/site-packages/airflow/example_dags/plugins/listener_plugin.py took 0.242 seconds
[2024-03-20T15:13:56.075+0000] {processor.py:161} INFO - Started process (PID=199) to work on /home/airflow/.local/lib/python3.8/site-packages/airflow/example_dags/plugins/listener_plugin.py
[2024-03-20T15:13:56.077+0000] {processor.py:830} INFO - Processing file /home/airflow/.local/lib/python3.8/site-packages/airflow/example_dags/plugins/listener_plugin.py for tasks to queue
[2024-03-20T15:13:56.080+0000] {logging_mixin.py:188} INFO - [2024-03-20T15:13:56.079+0000] {dagbag.py:540} INFO - Filling up the DagBag from /home/airflow/.local/lib/python3.8/site-packages/airflow/example_dags/plugins/listener_plugin.py
[2024-03-20T15:13:56.083+0000] {processor.py:842} WARNING - No viable dags retrieved from /home/airflow/.local/lib/python3.8/site-packages/airflow/example_dags/plugins/listener_plugin.py
[2024-03-20T15:13:56.104+0000] {processor.py:183} INFO - Processing /home/airflow/.local/lib/python3.8/site-packages/airflow/example_dags/plugins/listener_plugin.py took 0.033 seconds
[2024-03-20T15:14:27.092+0000] {processor.py:161} INFO - Started process (PID=255) to work on /home/airflow/.local/lib/python3.8/site-packages/airflow/example_dags/plugins/listener_plugin.py
[2024-03-20T15:14:27.094+0000] {processor.py:830} INFO - Processing file /home/airflow/.local/lib/python3.8/site-packages/airflow/example_dags/plugins/listener_plugin.py for tasks to queue
[2024-03-20T15:14:27.101+0000] {logging_mixin.py:188} INFO - [2024-03-20T15:14:27.100+0000] {dagbag.py:540} INFO - Filling up the DagBag from /home/airflow/.local/lib/python3.8/site-packages/airflow/example_dags/plugins/listener_plugin.py
[2024-03-20T15:14:27.105+0000] {processor.py:842} WARNING - No viable dags retrieved from /home/airflow/.local/lib/python3.8/site-packages/airflow/example_dags/plugins/listener_plugin.py
[2024-03-20T15:14:27.132+0000] {processor.py:183} INFO - Processing /home/airflow/.local/lib/python3.8/site-packages/airflow/example_dags/plugins/listener_plugin.py took 0.044 seconds
[2024-03-20T15:14:58.028+0000] {processor.py:161} INFO - Started process (PID=311) to work on /home/airflow/.local/lib/python3.8/site-packages/airflow/example_dags/plugins/listener_plugin.py
[2024-03-20T15:14:58.030+0000] {processor.py:830} INFO - Processing file /home/airflow/.local/lib/python3.8/site-packages/airflow/example_dags/plugins/listener_plugin.py for tasks to queue
[2024-03-20T15:14:58.034+0000] {logging_mixin.py:188} INFO - [2024-03-20T15:14:58.033+0000] {dagbag.py:540} INFO - Filling up the DagBag from /home/airflow/.local/lib/python3.8/site-packages/airflow/example_dags/plugins/listener_plugin.py
[2024-03-20T15:14:58.042+0000] {processor.py:842} WARNING - No viable dags retrieved from /home/airflow/.local/lib/python3.8/site-packages/airflow/example_dags/plugins/listener_plugin.py
[2024-03-20T15:14:58.066+0000] {processor.py:183} INFO - Processing /home/airflow/.local/lib/python3.8/site-packages/airflow/example_dags/plugins/listener_plugin.py took 0.045 seconds
[2024-03-20T15:15:28.276+0000] {processor.py:161} INFO - Started process (PID=366) to work on /home/airflow/.local/lib/python3.8/site-packages/airflow/example_dags/plugins/listener_plugin.py
[2024-03-20T15:15:28.281+0000] {processor.py:830} INFO - Processing file /home/airflow/.local/lib/python3.8/site-packages/airflow/example_dags/plugins/listener_plugin.py for tasks to queue
[2024-03-20T15:15:28.285+0000] {logging_mixin.py:188} INFO - [2024-03-20T15:15:28.284+0000] {dagbag.py:540} INFO - Filling up the DagBag from /home/airflow/.local/lib/python3.8/site-packages/airflow/example_dags/plugins/listener_plugin.py
[2024-03-20T15:15:28.291+0000] {processor.py:842} WARNING - No viable dags retrieved from /home/airflow/.local/lib/python3.8/site-packages/airflow/example_dags/plugins/listener_plugin.py
[2024-03-20T15:15:28.320+0000] {processor.py:183} INFO - Processing /home/airflow/.local/lib/python3.8/site-packages/airflow/example_dags/plugins/listener_plugin.py took 0.054 seconds
[2024-03-20T15:15:59.128+0000] {processor.py:161} INFO - Started process (PID=422) to work on /home/airflow/.local/lib/python3.8/site-packages/airflow/example_dags/plugins/listener_plugin.py
[2024-03-20T15:15:59.130+0000] {processor.py:830} INFO - Processing file /home/airflow/.local/lib/python3.8/site-packages/airflow/example_dags/plugins/listener_plugin.py for tasks to queue
[2024-03-20T15:15:59.132+0000] {logging_mixin.py:188} INFO - [2024-03-20T15:15:59.131+0000] {dagbag.py:540} INFO - Filling up the DagBag from /home/airflow/.local/lib/python3.8/site-packages/airflow/example_dags/plugins/listener_plugin.py
[2024-03-20T15:15:59.135+0000] {processor.py:842} WARNING - No viable dags retrieved from /home/airflow/.local/lib/python3.8/site-packages/airflow/example_dags/plugins/listener_plugin.py
[2024-03-20T15:15:59.151+0000] {processor.py:183} INFO - Processing /home/airflow/.local/lib/python3.8/site-packages/airflow/example_dags/plugins/listener_plugin.py took 0.027 seconds
[2024-03-20T15:16:29.431+0000] {processor.py:161} INFO - Started process (PID=478) to work on /home/airflow/.local/lib/python3.8/site-packages/airflow/example_dags/plugins/listener_plugin.py
[2024-03-20T15:16:29.433+0000] {processor.py:830} INFO - Processing file /home/airflow/.local/lib/python3.8/site-packages/airflow/example_dags/plugins/listener_plugin.py for tasks to queue
[2024-03-20T15:16:29.435+0000] {logging_mixin.py:188} INFO - [2024-03-20T15:16:29.435+0000] {dagbag.py:540} INFO - Filling up the DagBag from /home/airflow/.local/lib/python3.8/site-packages/airflow/example_dags/plugins/listener_plugin.py
[2024-03-20T15:16:29.438+0000] {processor.py:842} WARNING - No viable dags retrieved from /home/airflow/.local/lib/python3.8/site-packages/airflow/example_dags/plugins/listener_plugin.py
[2024-03-20T15:16:29.455+0000] {processor.py:183} INFO - Processing /home/airflow/.local/lib/python3.8/site-packages/airflow/example_dags/plugins/listener_plugin.py took 0.028 seconds
[2024-03-20T15:16:59.891+0000] {processor.py:161} INFO - Started process (PID=534) to work on /home/airflow/.local/lib/python3.8/site-packages/airflow/example_dags/plugins/listener_plugin.py
[2024-03-20T15:16:59.892+0000] {processor.py:830} INFO - Processing file /home/airflow/.local/lib/python3.8/site-packages/airflow/example_dags/plugins/listener_plugin.py for tasks to queue
[2024-03-20T15:16:59.895+0000] {logging_mixin.py:188} INFO - [2024-03-20T15:16:59.894+0000] {dagbag.py:540} INFO - Filling up the DagBag from /home/airflow/.local/lib/python3.8/site-packages/airflow/example_dags/plugins/listener_plugin.py
[2024-03-20T15:16:59.898+0000] {processor.py:842} WARNING - No viable dags retrieved from /home/airflow/.local/lib/python3.8/site-packages/airflow/example_dags/plugins/listener_plugin.py
[2024-03-20T15:16:59.919+0000] {processor.py:183} INFO - Processing /home/airflow/.local/lib/python3.8/site-packages/airflow/example_dags/plugins/listener_plugin.py took 0.035 seconds
[2024-03-20T15:17:30.333+0000] {processor.py:161} INFO - Started process (PID=590) to work on /home/airflow/.local/lib/python3.8/site-packages/airflow/example_dags/plugins/listener_plugin.py
[2024-03-20T15:17:30.334+0000] {processor.py:830} INFO - Processing file /home/airflow/.local/lib/python3.8/site-packages/airflow/example_dags/plugins/listener_plugin.py for tasks to queue
[2024-03-20T15:17:30.338+0000] {logging_mixin.py:188} INFO - [2024-03-20T15:17:30.337+0000] {dagbag.py:540} INFO - Filling up the DagBag from /home/airflow/.local/lib/python3.8/site-packages/airflow/example_dags/plugins/listener_plugin.py
[2024-03-20T15:17:30.347+0000] {processor.py:842} WARNING - No viable dags retrieved from /home/airflow/.local/lib/python3.8/site-packages/airflow/example_dags/plugins/listener_plugin.py
[2024-03-20T15:17:30.370+0000] {processor.py:183} INFO - Processing /home/airflow/.local/lib/python3.8/site-packages/airflow/example_dags/plugins/listener_plugin.py took 0.046 seconds
[2024-03-20T15:18:01.448+0000] {processor.py:161} INFO - Started process (PID=646) to work on /home/airflow/.local/lib/python3.8/site-packages/airflow/example_dags/plugins/listener_plugin.py
[2024-03-20T15:18:01.449+0000] {processor.py:830} INFO - Processing file /home/airflow/.local/lib/python3.8/site-packages/airflow/example_dags/plugins/listener_plugin.py for tasks to queue
[2024-03-20T15:18:01.453+0000] {logging_mixin.py:188} INFO - [2024-03-20T15:18:01.452+0000] {dagbag.py:540} INFO - Filling up the DagBag from /home/airflow/.local/lib/python3.8/site-packages/airflow/example_dags/plugins/listener_plugin.py
[2024-03-20T15:18:01.459+0000] {processor.py:842} WARNING - No viable dags retrieved from /home/airflow/.local/lib/python3.8/site-packages/airflow/example_dags/plugins/listener_plugin.py
[2024-03-20T15:18:01.477+0000] {processor.py:183} INFO - Processing /home/airflow/.local/lib/python3.8/site-packages/airflow/example_dags/plugins/listener_plugin.py took 0.033 seconds
[2024-03-20T15:18:32.290+0000] {processor.py:161} INFO - Started process (PID=702) to work on /home/airflow/.local/lib/python3.8/site-packages/airflow/example_dags/plugins/listener_plugin.py
[2024-03-20T15:18:32.292+0000] {processor.py:830} INFO - Processing file /home/airflow/.local/lib/python3.8/site-packages/airflow/example_dags/plugins/listener_plugin.py for tasks to queue
[2024-03-20T15:18:32.296+0000] {logging_mixin.py:188} INFO - [2024-03-20T15:18:32.295+0000] {dagbag.py:540} INFO - Filling up the DagBag from /home/airflow/.local/lib/python3.8/site-packages/airflow/example_dags/plugins/listener_plugin.py
[2024-03-20T15:18:32.300+0000] {processor.py:842} WARNING - No viable dags retrieved from /home/airflow/.local/lib/python3.8/site-packages/airflow/example_dags/plugins/listener_plugin.py
[2024-03-20T15:18:32.320+0000] {processor.py:183} INFO - Processing /home/airflow/.local/lib/python3.8/site-packages/airflow/example_dags/plugins/listener_plugin.py took 0.034 seconds
[2024-03-20T15:19:35.287+0000] {processor.py:161} INFO - Started process (PID=88) to work on /home/airflow/.local/lib/python3.8/site-packages/airflow/example_dags/plugins/listener_plugin.py
[2024-03-20T15:19:35.289+0000] {processor.py:830} INFO - Processing file /home/airflow/.local/lib/python3.8/site-packages/airflow/example_dags/plugins/listener_plugin.py for tasks to queue
[2024-03-20T15:19:35.293+0000] {logging_mixin.py:188} INFO - [2024-03-20T15:19:35.293+0000] {dagbag.py:540} INFO - Filling up the DagBag from /home/airflow/.local/lib/python3.8/site-packages/airflow/example_dags/plugins/listener_plugin.py
[2024-03-20T15:19:35.299+0000] {processor.py:842} WARNING - No viable dags retrieved from /home/airflow/.local/lib/python3.8/site-packages/airflow/example_dags/plugins/listener_plugin.py
[2024-03-20T15:19:35.320+0000] {processor.py:183} INFO - Processing /home/airflow/.local/lib/python3.8/site-packages/airflow/example_dags/plugins/listener_plugin.py took 0.042 seconds
[2024-03-20T15:20:05.984+0000] {processor.py:161} INFO - Started process (PID=143) to work on /home/airflow/.local/lib/python3.8/site-packages/airflow/example_dags/plugins/listener_plugin.py
[2024-03-20T15:20:05.985+0000] {processor.py:830} INFO - Processing file /home/airflow/.local/lib/python3.8/site-packages/airflow/example_dags/plugins/listener_plugin.py for tasks to queue
[2024-03-20T15:20:05.988+0000] {logging_mixin.py:188} INFO - [2024-03-20T15:20:05.988+0000] {dagbag.py:540} INFO - Filling up the DagBag from /home/airflow/.local/lib/python3.8/site-packages/airflow/example_dags/plugins/listener_plugin.py
[2024-03-20T15:20:05.991+0000] {processor.py:842} WARNING - No viable dags retrieved from /home/airflow/.local/lib/python3.8/site-packages/airflow/example_dags/plugins/listener_plugin.py
[2024-03-20T15:20:06.005+0000] {processor.py:183} INFO - Processing /home/airflow/.local/lib/python3.8/site-packages/airflow/example_dags/plugins/listener_plugin.py took 0.025 seconds
[2024-03-20T15:20:36.275+0000] {processor.py:161} INFO - Started process (PID=199) to work on /home/airflow/.local/lib/python3.8/site-packages/airflow/example_dags/plugins/listener_plugin.py
[2024-03-20T15:20:36.279+0000] {processor.py:830} INFO - Processing file /home/airflow/.local/lib/python3.8/site-packages/airflow/example_dags/plugins/listener_plugin.py for tasks to queue
[2024-03-20T15:20:36.282+0000] {logging_mixin.py:188} INFO - [2024-03-20T15:20:36.282+0000] {dagbag.py:540} INFO - Filling up the DagBag from /home/airflow/.local/lib/python3.8/site-packages/airflow/example_dags/plugins/listener_plugin.py
[2024-03-20T15:20:36.286+0000] {processor.py:842} WARNING - No viable dags retrieved from /home/airflow/.local/lib/python3.8/site-packages/airflow/example_dags/plugins/listener_plugin.py
[2024-03-20T15:20:36.303+0000] {processor.py:183} INFO - Processing /home/airflow/.local/lib/python3.8/site-packages/airflow/example_dags/plugins/listener_plugin.py took 0.034 seconds
[2024-03-20T15:21:06.364+0000] {processor.py:161} INFO - Started process (PID=254) to work on /home/airflow/.local/lib/python3.8/site-packages/airflow/example_dags/plugins/listener_plugin.py
[2024-03-20T15:21:06.365+0000] {processor.py:830} INFO - Processing file /home/airflow/.local/lib/python3.8/site-packages/airflow/example_dags/plugins/listener_plugin.py for tasks to queue
[2024-03-20T15:21:06.367+0000] {logging_mixin.py:188} INFO - [2024-03-20T15:21:06.367+0000] {dagbag.py:540} INFO - Filling up the DagBag from /home/airflow/.local/lib/python3.8/site-packages/airflow/example_dags/plugins/listener_plugin.py
[2024-03-20T15:21:06.372+0000] {processor.py:842} WARNING - No viable dags retrieved from /home/airflow/.local/lib/python3.8/site-packages/airflow/example_dags/plugins/listener_plugin.py
[2024-03-20T15:21:06.389+0000] {processor.py:183} INFO - Processing /home/airflow/.local/lib/python3.8/site-packages/airflow/example_dags/plugins/listener_plugin.py took 0.030 seconds
[2024-03-20T15:21:36.636+0000] {processor.py:161} INFO - Started process (PID=310) to work on /home/airflow/.local/lib/python3.8/site-packages/airflow/example_dags/plugins/listener_plugin.py
[2024-03-20T15:21:36.637+0000] {processor.py:830} INFO - Processing file /home/airflow/.local/lib/python3.8/site-packages/airflow/example_dags/plugins/listener_plugin.py for tasks to queue
[2024-03-20T15:21:36.640+0000] {logging_mixin.py:188} INFO - [2024-03-20T15:21:36.639+0000] {dagbag.py:540} INFO - Filling up the DagBag from /home/airflow/.local/lib/python3.8/site-packages/airflow/example_dags/plugins/listener_plugin.py
[2024-03-20T15:21:36.644+0000] {processor.py:842} WARNING - No viable dags retrieved from /home/airflow/.local/lib/python3.8/site-packages/airflow/example_dags/plugins/listener_plugin.py
[2024-03-20T15:21:36.661+0000] {processor.py:183} INFO - Processing /home/airflow/.local/lib/python3.8/site-packages/airflow/example_dags/plugins/listener_plugin.py took 0.029 seconds
[2024-03-20T15:22:07.582+0000] {processor.py:161} INFO - Started process (PID=366) to work on /home/airflow/.local/lib/python3.8/site-packages/airflow/example_dags/plugins/listener_plugin.py
[2024-03-20T15:22:07.583+0000] {processor.py:830} INFO - Processing file /home/airflow/.local/lib/python3.8/site-packages/airflow/example_dags/plugins/listener_plugin.py for tasks to queue
[2024-03-20T15:22:07.588+0000] {logging_mixin.py:188} INFO - [2024-03-20T15:22:07.586+0000] {dagbag.py:540} INFO - Filling up the DagBag from /home/airflow/.local/lib/python3.8/site-packages/airflow/example_dags/plugins/listener_plugin.py
[2024-03-20T15:22:07.592+0000] {processor.py:842} WARNING - No viable dags retrieved from /home/airflow/.local/lib/python3.8/site-packages/airflow/example_dags/plugins/listener_plugin.py
[2024-03-20T15:22:07.610+0000] {processor.py:183} INFO - Processing /home/airflow/.local/lib/python3.8/site-packages/airflow/example_dags/plugins/listener_plugin.py took 0.032 seconds
[2024-03-20T15:22:38.009+0000] {processor.py:161} INFO - Started process (PID=422) to work on /home/airflow/.local/lib/python3.8/site-packages/airflow/example_dags/plugins/listener_plugin.py
[2024-03-20T15:22:38.011+0000] {processor.py:830} INFO - Processing file /home/airflow/.local/lib/python3.8/site-packages/airflow/example_dags/plugins/listener_plugin.py for tasks to queue
[2024-03-20T15:22:38.016+0000] {logging_mixin.py:188} INFO - [2024-03-20T15:22:38.015+0000] {dagbag.py:540} INFO - Filling up the DagBag from /home/airflow/.local/lib/python3.8/site-packages/airflow/example_dags/plugins/listener_plugin.py
[2024-03-20T15:22:38.020+0000] {processor.py:842} WARNING - No viable dags retrieved from /home/airflow/.local/lib/python3.8/site-packages/airflow/example_dags/plugins/listener_plugin.py
[2024-03-20T15:22:38.043+0000] {processor.py:183} INFO - Processing /home/airflow/.local/lib/python3.8/site-packages/airflow/example_dags/plugins/listener_plugin.py took 0.040 seconds
[2024-03-20T15:23:08.247+0000] {processor.py:161} INFO - Started process (PID=479) to work on /home/airflow/.local/lib/python3.8/site-packages/airflow/example_dags/plugins/listener_plugin.py
[2024-03-20T15:23:08.248+0000] {processor.py:830} INFO - Processing file /home/airflow/.local/lib/python3.8/site-packages/airflow/example_dags/plugins/listener_plugin.py for tasks to queue
[2024-03-20T15:23:08.252+0000] {logging_mixin.py:188} INFO - [2024-03-20T15:23:08.251+0000] {dagbag.py:540} INFO - Filling up the DagBag from /home/airflow/.local/lib/python3.8/site-packages/airflow/example_dags/plugins/listener_plugin.py
[2024-03-20T15:23:08.256+0000] {processor.py:842} WARNING - No viable dags retrieved from /home/airflow/.local/lib/python3.8/site-packages/airflow/example_dags/plugins/listener_plugin.py
[2024-03-20T15:23:08.274+0000] {processor.py:183} INFO - Processing /home/airflow/.local/lib/python3.8/site-packages/airflow/example_dags/plugins/listener_plugin.py took 0.032 seconds
[2024-03-20T15:23:38.968+0000] {processor.py:161} INFO - Started process (PID=535) to work on /home/airflow/.local/lib/python3.8/site-packages/airflow/example_dags/plugins/listener_plugin.py
[2024-03-20T15:23:38.969+0000] {processor.py:830} INFO - Processing file /home/airflow/.local/lib/python3.8/site-packages/airflow/example_dags/plugins/listener_plugin.py for tasks to queue
[2024-03-20T15:23:38.971+0000] {logging_mixin.py:188} INFO - [2024-03-20T15:23:38.971+0000] {dagbag.py:540} INFO - Filling up the DagBag from /home/airflow/.local/lib/python3.8/site-packages/airflow/example_dags/plugins/listener_plugin.py
[2024-03-20T15:23:38.975+0000] {processor.py:842} WARNING - No viable dags retrieved from /home/airflow/.local/lib/python3.8/site-packages/airflow/example_dags/plugins/listener_plugin.py
[2024-03-20T15:23:38.996+0000] {processor.py:183} INFO - Processing /home/airflow/.local/lib/python3.8/site-packages/airflow/example_dags/plugins/listener_plugin.py took 0.032 seconds
